<?xml version="1.0" encoding="UTF-8"?>
<robot generator="Robot 3.0.4 (Python 3.6.6 on darwin)" generated="20181008 19:06:34.482">
<suite id="s1" name="Scripts" source="/Users/yaopengfei/workspace/slience/taskManager/utils/code_tmp/PxnAutoTest/Scripts">
<suite id="s1-s1" name="Android-APP" source="/Users/yaopengfei/workspace/slience/taskManager/utils/code_tmp/PxnAutoTest/Scripts/Android-APP">
<suite id="s1-s1-s1" name="Common" source="/Users/yaopengfei/workspace/slience/taskManager/utils/code_tmp/PxnAutoTest/Scripts/Android-APP/Common">
<suite id="s1-s1-s1-s1" name="登录和二步验证" source="/Users/yaopengfei/workspace/slience/taskManager/utils/code_tmp/PxnAutoTest/Scripts/Android-APP/Common/登录和二步验证.robot">
<kw name="打开APP" library="androidConfig" type="setup">
<kw name="Open Application" library="AppiumLibrary">
<doc>Opens a new application to given Appium server.</doc>
<arguments>
<arg>${androidserver}:4723/wd/hub</arg>
<arg>autoGrantPermissions=${autoGrantPermissions}</arg>
<arg>deviceReadyTimeout=${deviceReadyTimeout}</arg>
<arg>newCommandTimeout=${newCommandTimeout}</arg>
<arg>noSign=${noSign}</arg>
<arg>unicodeKeyboard=True</arg>
<arg>noRest=${noReset}</arg>
<arg>platformName=Android</arg>
<arg>automationName=${automationName}</arg>
<arg>deviceName=${deviceName}</arg>
<arg>app=${app}</arg>
<arg>appPackage=${appPackage}</arg>
<arg>appActivity=${appActivity}</arg>
</arguments>
<msg timestamp="20181008 19:06:34.683" level="WARN">Retrying (Retry(total=2, connect=None, read=None, redirect=None, status=None)) after connection broken by 'NewConnectionError('&lt;urllib3.connection.HTTPConnection object at 0x107ee1dd8&gt;: Failed to establish a new connection: [Errno 61] Connection refused',)': /wd/hub/session</msg>
<msg timestamp="20181008 19:06:34.684" level="WARN">Retrying (Retry(total=1, connect=None, read=None, redirect=None, status=None)) after connection broken by 'NewConnectionError('&lt;urllib3.connection.HTTPConnection object at 0x107ee1b00&gt;: Failed to establish a new connection: [Errno 61] Connection refused',)': /wd/hub/session</msg>
<msg timestamp="20181008 19:06:34.686" level="WARN">Retrying (Retry(total=0, connect=None, read=None, redirect=None, status=None)) after connection broken by 'NewConnectionError('&lt;urllib3.connection.HTTPConnection object at 0x107ee1e48&gt;: Failed to establish a new connection: [Errno 61] Connection refused',)': /wd/hub/session</msg>
<msg timestamp="20181008 19:06:34.687" level="FAIL">MaxRetryError: HTTPConnectionPool(host='127.0.0.1', port=4723): Max retries exceeded with url: /wd/hub/session (Caused by NewConnectionError('&lt;urllib3.connection.HTTPConnection object at 0x107a63160&gt;: Failed to establish a new connection: [Errno 61] Connection refused',))</msg>
<status status="FAIL" starttime="20181008 19:06:34.680" endtime="20181008 19:06:34.687"></status>
</kw>
<status status="FAIL" starttime="20181008 19:06:34.679" endtime="20181008 19:06:34.689"></status>
</kw>
<test id="s1-s1-s1-s1-t1" name="点击登录按钮">
<doc>判断首页是否存在登录按钮</doc>
<status status="FAIL" starttime="20181008 19:06:34.690" endtime="20181008 19:06:34.692" critical="yes">Parent suite setup failed:
MaxRetryError: HTTPConnectionPool(host='127.0.0.1', port=4723): Max retries exceeded with url: /wd/hub/session (Caused by NewConnectionError('&lt;urllib3.connection.HTTPConnection object at 0x107a63160&gt;: Failed to establish a new connection: [Errno 61] Connection refused',))</status>
</test>
<test id="s1-s1-s1-s1-t2" name="输入用户名和密码">
<status status="FAIL" starttime="20181008 19:06:34.695" endtime="20181008 19:06:34.697" critical="yes">Parent suite setup failed:
MaxRetryError: HTTPConnectionPool(host='127.0.0.1', port=4723): Max retries exceeded with url: /wd/hub/session (Caused by NewConnectionError('&lt;urllib3.connection.HTTPConnection object at 0x107a63160&gt;: Failed to establish a new connection: [Errno 61] Connection refused',))</status>
</test>
<test id="s1-s1-s1-s1-t3" name="判断是否开启了两步验证码">
<status status="FAIL" starttime="20181008 19:06:34.699" endtime="20181008 19:06:34.701" critical="yes">Parent suite setup failed:
MaxRetryError: HTTPConnectionPool(host='127.0.0.1', port=4723): Max retries exceeded with url: /wd/hub/session (Caused by NewConnectionError('&lt;urllib3.connection.HTTPConnection object at 0x107a63160&gt;: Failed to establish a new connection: [Errno 61] Connection refused',))</status>
</test>
<test id="s1-s1-s1-s1-t4" name="输入两步验证码">
<status status="FAIL" starttime="20181008 19:06:34.704" endtime="20181008 19:06:34.706" critical="yes">Parent suite setup failed:
MaxRetryError: HTTPConnectionPool(host='127.0.0.1', port=4723): Max retries exceeded with url: /wd/hub/session (Caused by NewConnectionError('&lt;urllib3.connection.HTTPConnection object at 0x107a63160&gt;: Failed to establish a new connection: [Errno 61] Connection refused',))</status>
</test>
<test id="s1-s1-s1-s1-t5" name="再次输入验证码">
<status status="FAIL" starttime="20181008 19:06:34.708" endtime="20181008 19:06:34.710" critical="yes">Parent suite setup failed:
MaxRetryError: HTTPConnectionPool(host='127.0.0.1', port=4723): Max retries exceeded with url: /wd/hub/session (Caused by NewConnectionError('&lt;urllib3.connection.HTTPConnection object at 0x107a63160&gt;: Failed to establish a new connection: [Errno 61] Connection refused',))</status>
</test>
<test id="s1-s1-s1-s1-t6" name="判断是否登陆成功">
<status status="FAIL" starttime="20181008 19:06:34.712" endtime="20181008 19:06:34.714" critical="yes">Parent suite setup failed:
MaxRetryError: HTTPConnectionPool(host='127.0.0.1', port=4723): Max retries exceeded with url: /wd/hub/session (Caused by NewConnectionError('&lt;urllib3.connection.HTTPConnection object at 0x107a63160&gt;: Failed to establish a new connection: [Errno 61] Connection refused',))</status>
</test>
<kw name="关闭APP" library="androidConfig" type="teardown">
<kw name="Close Application" library="AppiumLibrary">
<doc>Closes the current application and also close webdriver session.</doc>
<msg timestamp="20181008 19:06:34.718" level="FAIL">No application is open</msg>
<status status="FAIL" starttime="20181008 19:06:34.717" endtime="20181008 19:06:34.718"></status>
</kw>
<status status="FAIL" starttime="20181008 19:06:34.716" endtime="20181008 19:06:34.719">No application is open</status>
</kw>
<status status="FAIL" starttime="20181008 19:06:34.528" endtime="20181008 19:06:34.719">Suite setup failed:
MaxRetryError: HTTPConnectionPool(host='127.0.0.1', port=4723): Max retries exceeded with url: /wd/hub/session (Caused by NewConnectionError('&lt;urllib3.connection.HTTPConnection object at 0x107a63160&gt;: Failed to establish a new connection: [Errno 61] Connection refused',))

Also suite teardown failed:
No application is open</status>
</suite>
<status status="FAIL" starttime="20181008 19:06:34.524" endtime="20181008 19:06:34.724"></status>
</suite>
<status status="FAIL" starttime="20181008 19:06:34.520" endtime="20181008 19:06:34.727"></status>
</suite>
<suite id="s1-s2" name="Graphql-API" source="/Users/yaopengfei/workspace/slience/taskManager/utils/code_tmp/PxnAutoTest/Scripts/Graphql-API">
<suite id="s1-s2-s1" name="Common" source="/Users/yaopengfei/workspace/slience/taskManager/utils/code_tmp/PxnAutoTest/Scripts/Graphql-API/Common">
<suite id="s1-s2-s1-s1" name="MatcherV3" source="/Users/yaopengfei/workspace/slience/taskManager/utils/code_tmp/PxnAutoTest/Scripts/Graphql-API/Common/MatcherV3.robot">
<test id="s1-s2-s1-s1-t1" name="depth">
<kw name="Init Request Parameters" library="GraphqlLibrary">
<arguments>
<arg>http://migrate.big.zone/api/graphql</arg>
</arguments>
<status status="PASS" starttime="20181008 19:06:34.748" endtime="20181008 19:06:34.749"></status>
</kw>
<kw name="Create Session" library="GraphqlLibrary">
<arguments>
<arg>11901@pxn.one</arg>
<arg>password</arg>
</arguments>
<assign>
<var>${rs}</var>
<var>${msg}</var>
</assign>
<msg timestamp="20181008 19:06:34.750" level="INFO">request data:
{
    "query": "mutation ($email: String!, $password: String!, $otpCode: String!) {\n  createSession(input: {email: $email, password: $password, otpCode: $otpCode}) {\n    session {\n      token\n      __typename\n    }\n    __typename\n  }\n}",
    "operationName": null,
    "variables": {
        "email": "11901@pxn.one",
        "password": "password",
        "otpCode": ""
    }
}</msg>
<msg timestamp="20181008 19:06:34.750" level="INFO">request headers:{}</msg>
<msg timestamp="20181008 19:06:35.621" level="INFO">response_code:200</msg>
<msg timestamp="20181008 19:06:35.622" level="INFO">response_content:b'{"errors":[{"path":["createSession"],"message":"invalid otp","locations":[{"line":2,"column":0}],"code":10008}],"data":{"createSession":null}}'</msg>
<msg timestamp="20181008 19:06:35.622" level="INFO">${rs} = False</msg>
<msg timestamp="20181008 19:06:35.622" level="INFO">${msg} = {"errors":[{"path":["createSession"],"message":"invalid otp","locations":[{"line":2,"column":0}],"code":10008}],"data":{"createSession":null}}</msg>
<status status="PASS" starttime="20181008 19:06:34.749" endtime="20181008 19:06:35.622"></status>
</kw>
<kw name="Depth" library="GraphqlLibrary">
<arguments>
<arg>limit=50</arg>
<arg>marketId=123</arg>
</arguments>
<assign>
<var>${rs}</var>
<var>${msg}</var>
</assign>
<msg timestamp="20181008 19:06:35.624" level="INFO">request data:
{
    "query": "query ($marketId: String!, $limit: Int) {\n    depth(marketUuid: $marketId, limit: $limit) {\n    ...OrderBook\n    __typename\n  }\n}\n\nfragment OrderBook on Depth {\n  bids {\n    amount\n    price\n    __typename\n  }\n  asks {\n    amount\n    price\n    __typename\n  }\n  __typename\n}\n",
    "operationName": null,
    "variables": {
        "limit": 50,
        "marketId": "123"
    }
}</msg>
<msg timestamp="20181008 19:06:35.625" level="INFO">request headers:{}</msg>
<msg timestamp="20181008 19:06:36.082" level="INFO">response_code:200</msg>
<msg timestamp="20181008 19:06:36.083" level="INFO">response_content:b'{"errors":[{"path":["depth"],"message":"Cannot return null for non-nullable field","locations":[{"line":2,"column":0}]},{"path":["depth"],"message":"resouce not found: Market 123 not found","locations":[{"line":2,"column":0}],"code":10013}],"data":{}}'</msg>
<msg timestamp="20181008 19:06:36.083" level="INFO">${rs} = False</msg>
<msg timestamp="20181008 19:06:36.083" level="INFO">${msg} = {"errors":[{"path":["depth"],"message":"Cannot return null for non-nullable field","locations":[{"line":2,"column":0}]},{"path":["depth"],"message":"resouce not found: Market 123 not found","locations...</msg>
<status status="PASS" starttime="20181008 19:06:35.624" endtime="20181008 19:06:36.083"></status>
</kw>
<status status="PASS" starttime="20181008 19:06:34.748" endtime="20181008 19:06:36.085" critical="yes"></status>
</test>
<test id="s1-s2-s1-s1-t2" name="Bars">
<kw name="Init Request Parameters" library="GraphqlLibrary">
<arguments>
<arg>http://migrate.big.zone/api/graphql</arg>
</arguments>
<status status="PASS" starttime="20181008 19:06:36.090" endtime="20181008 19:06:36.090"></status>
</kw>
<kw name="Create Session" library="GraphqlLibrary">
<arguments>
<arg>11901@pxn.one</arg>
<arg>password</arg>
</arguments>
<assign>
<var>${rs}</var>
<var>${msg}</var>
</assign>
<msg timestamp="20181008 19:06:36.091" level="INFO">request data:
{
    "query": "mutation ($email: String!, $password: String!, $otpCode: String!) {\n  createSession(input: {email: $email, password: $password, otpCode: $otpCode}) {\n    session {\n      token\n      __typename\n    }\n    __typename\n  }\n}",
    "operationName": null,
    "variables": {
        "email": "11901@pxn.one",
        "password": "password",
        "otpCode": ""
    }
}</msg>
<msg timestamp="20181008 19:06:36.091" level="INFO">request headers:{}</msg>
<msg timestamp="20181008 19:06:36.915" level="INFO">response_code:200</msg>
<msg timestamp="20181008 19:06:36.915" level="INFO">response_content:b'{"errors":[{"path":["createSession"],"message":"invalid otp","locations":[{"line":2,"column":0}],"code":10008}],"data":{"createSession":null}}'</msg>
<msg timestamp="20181008 19:06:36.916" level="INFO">${rs} = False</msg>
<msg timestamp="20181008 19:06:36.916" level="INFO">${msg} = {"errors":[{"path":["createSession"],"message":"invalid otp","locations":[{"line":2,"column":0}],"code":10008}],"data":{"createSession":null}}</msg>
<status status="PASS" starttime="20181008 19:06:36.091" endtime="20181008 19:06:36.916"></status>
</kw>
<kw name="Bars" library="GraphqlLibrary">
<arguments>
<arg>endTime=2019-09-12T05:38:57.000Z</arg>
<arg>marketId=550b34db-696e-4434-a126-196f827d9172</arg>
<arg>startTime=2018-08-03T05:37:57.000Z</arg>
<arg>period=HOUR1</arg>
</arguments>
<assign>
<var>${rs}</var>
<var>${msg}</var>
</assign>
<msg timestamp="20181008 19:06:36.918" level="INFO">request data:
{
    "query": "query ($marketId: String!, $period: BarPeriod!, $startTime: DateTime, $endTime: DateTime) {\n  bars(marketUuid: $marketId, period: $period, startTime: $startTime, endTime: $endTime, order: DESC, limit: 1000) {\n    time\n    open\n    high\n    low\n    close\n    volume\n    __typename\n  }\n}",
    "operationName": null,
    "variables": {
        "marketId": "550b34db-696e-4434-a126-196f827d9172",
        "period": "HOUR1",
        "startTime": "2018-08-03T05:37:57.000Z",
        "endTime": "2019-09-12T05:38:57.000Z"
    }
}</msg>
<msg timestamp="20181008 19:06:36.918" level="INFO">request headers:{}</msg>
<msg timestamp="20181008 19:06:37.930" level="INFO">response_code:200</msg>
<msg timestamp="20181008 19:06:37.931" level="INFO">response_content:b'{"data":{"bars":[{"volume":"0.0","time":"2018-10-08T19:00:00.000000Z","open":"2292.0","low":"2292.0","high":"2292.0","close":"2292.0","__typename":"Bar"},{"volume":"0.0","time":"2018-10-08T18:00:00.000000Z","open":"2292.0","low":"2292.0","high":"2292.0","close":"2292.0","__typename":"Bar"},{"volume":"0.0","time":"2018-10-08T17:00:00.000000Z","open":"2292.0","low":"2292.0","high":"2292.0","close":"2292.0","__typename":"Bar"},{"volume":"0.0","time":"2018-10-08T16:00:00.000000Z","open":"2292.0","low":"2292.0","high":"2292.0","close":"2292.0","__typename":"Bar"},{"volume":"0.0","time":"2018-10-08T15:00:00.000000Z","open":"2292.0","low":"2292.0","high":"2292.0","close":"2292.0","__typename":"Bar"},{"volume":"0.0","time":"2018-10-08T14:00:00.000000Z","open":"2292.0","low":"2292.0","high":"2292.0","close":"2292.0","__typename":"Bar"},{"volume":"0.0","time":"2018-10-08T13:00:00.000000Z","open":"2292.0","low":"2292.0","high":"2292.0","close":"2292.0","__typename":"Bar"},{"volume":"0.0","time":"2018-10-08T12:00:00.000000Z","open":"2292.0","low":"2292.0","high":"2292.0","close":"2292.0","__typename":"Bar"},{"volume":"0.0","time":"2018-10-08T11:00:00.000000Z","open":"2292.0","low":"2292.0","high":"2292.0","close":"2292.0","__typename":"Bar"},{"volume":"0.0","time":"2018-10-08T10:00:00.000000Z","open":"2292.0","low":"2292.0","high":"2292.0","close":"2292.0","__typename":"Bar"},{"volume":"0.0","time":"2018-10-08T09:00:00.000000Z","open":"2292.0","low":"2292.0","high":"2292.0","close":"2292.0","__typename":"Bar"},{"volume":"0.0","time":"2018-10-08T08:00:00.000000Z","open":"2292.0","low":"2292.0","high":"2292.0","close":"2292.0","__typename":"Bar"},{"volume":"0.0","time":"2018-10-08T07:00:00.000000Z","open":"2292.0","low":"2292.0","high":"2292.0","close":"2292.0","__typename":"Bar"},{"volume":"0.0","time":"2018-10-08T06:00:00.000000Z","open":"2292.0","low":"2292.0","high":"2292.0","close":"2292.0","__typename":"Bar"},{"volume":"0.0","time":"2018-10-08T05:00:00.000000Z","open":"2292.0","low":"2292.0","high":"2292.0","close":"2292.0","__typename":"Bar"},{"volume":"0.0","time":"2018-10-08T04:00:00.000000Z","open":"2292.0","low":"2292.0","high":"2292.0","close":"2292.0","__typename":"Bar"},{"volume":"6.40035","time":"2018-10-08T03:00:00.000000Z","open":"2512.0","low":"2292.0","high":"2516.364","close":"2292.0","__typename":"Bar"},{"volume":"0.0","time":"2018-10-08T02:00:00.000000Z","open":"2512.0","low":"2512.0","high":"2512.0","close":"2512.0","__typename":"Bar"},{"volume":"0.0","time":"2018-10-08T01:00:00.000000Z","open":"2512.0","low":"2512.0","high":"2512.0","close":"2512.0","__typename":"Bar"},{"volume":"0.0","time":"2018-10-08T00:00:00.000000Z","open":"2512.0","low":"2512.0","high":"2512.0","close":"2512.0","__typename":"Bar"},{"volume":"0.0","time":"2018-10-07T23:00:00.000000Z","open":"2512.0","low":"2512.0","high":"2512.0","close":"2512.0","__typename":"Bar"},{"volume":"0.0","time":"2018-10-07T22:00:00.000000Z","open":"2512.0","low":"2512.0","high":"2512.0","close":"2512.0","__typename":"Bar"},{"volume":"0.0","time":"2018-10-07T21:00:00.000000Z","open":"2512.0","low":"2512.0","high":"2512.0","close":"2512.0","__typename":"Bar"},{"volume":"0.0","time":"2018-10-07T20:00:00.000000Z","open":"2512.0","low":"2512.0","high":"2512.0","close":"2512.0","__typename":"Bar"},{"volume":"0.0","time":"2018-10-07T19:00:00.000000Z","open":"2512.0","low":"2512.0","high":"2512.0","close":"2512.0","__typename":"Bar"},{"volume":"0.0","time":"2018-10-07T18:00:00.000000Z","open":"2512.0","low":"2512.0","high":"2512.0","close":"2512.0","__typename":"Bar"},{"volume":"0.0","time":"2018-10-07T17:00:00.000000Z","open":"2512.0","low":"2512.0","high":"2512.0","close":"2512.0","__typename":"Bar"},{"volume":"0.0","time":"2018-10-07T16:00:00.000000Z","open":"2512.0","low":"2512.0","high":"2512.0","close":"2512.0","__typename":"Bar"},{"volume":"0.0","time":"2018-10-07T15:00:00.000000Z","open":"2512.0","low":"2512.0","high":"2512.0","close":"2512.0","__typename":"Bar"},{"volume":"0.0","time":"2018-10-07T14:00:00.000000Z","open":"2512.0","low":"2512.0","high":"2512.0","close":"2512.0","__typename":"Bar"},{"volume":"0.0","time":"2018-10-07T13:00:00.000000Z","open":"2512.0","low":"2512.0","high":"2512.0","close":"2512.0","__typename":"Bar"},{"volume":"0.0","time":"2018-10-07T12:00:00.000000Z","open":"2512.0","low":"2512.0","high":"2512.0","close":"2512.0","__typename":"Bar"},{"volume":"0.0","time":"2018-10-07T11:00:00.000000Z","open":"2512.0","low":"2512.0","high":"2512.0","close":"2512.0","__typename":"Bar"},{"volume":"0.0","time":"2018-10-07T10:00:00.000000Z","open":"2512.0","low":"2512.0","high":"2512.0","close":"2512.0","__typename":"Bar"},{"volume":"0.0","time":"2018-10-07T09:00:00.000000Z","open":"2512.0","low":"2512.0","high":"2512.0","close":"2512.0","__typename":"Bar"},{"volume":"0.0","time":"2018-10-07T08:00:00.000000Z","open":"2512.0","low":"2512.0","high":"2512.0","close":"2512.0","__typename":"Bar"},{"volume":"0.0","time":"2018-10-07T07:00:00.000000Z","open":"2512.0","low":"2512.0","high":"2512.0","close":"2512.0","__typename":"Bar"},{"volume":"0.0","time":"2018-10-07T06:00:00.000000Z","open":"2512.0","low":"2512.0","high":"2512.0","close":"2512.0","__typename":"Bar"},{"volume":"0.0","time":"2018-10-07T05:00:00.000000Z","open":"2512.0","low":"2512.0","high":"2512.0","close":"2512.0","__typename":"Bar"},{"volume":"0.0","time":"2018-10-07T04:00:00.000000Z","open":"2512.0","low":"2512.0","high":"2512.0","close":"2512.0","__typename":"Bar"},{"volume":"0.0","time":"2018-10-07T03:00:00.000000Z","open":"2512.0","low":"2512.0","high":"2512.0","close":"2512.0","__typename":"Bar"},{"volume":"0.0","time":"2018-10-07T02:00:00.000000Z","open":"2512.0","low":"2512.0","high":"2512.0","close":"2512.0","__typename":"Bar"},{"volume":"0.0","time":"2018-10-07T01:00:00.000000Z","open":"2512.0","low":"2512.0","high":"2512.0","close":"2512.0","__typename":"Bar"},{"volume":"0.0","time":"2018-10-07T00:00:00.000000Z","open":"2512.0","low":"2512.0","high":"2512.0","close":"2512.0","__typename":"Bar"},{"volume":"0.0","time":"2018-10-06T23:00:00.000000Z","open":"2512.0","low":"2512.0","high":"2512.0","close":"2512.0","__typename":"Bar"},{"volume":"0.0","time":"2018-10-06T22:00:00.000000Z","open":"2512.0","low":"2512.0","high":"2512.0","close":"2512.0","__typename":"Bar"},{"volume":"0.0","time":"2018-10-06T21:00:00.000000Z","open":"2512.0","low":"2512.0","high":"2512.0","close":"2512.0","__typename":"Bar"},{"volume":"0.0","time":"2018-10-06T20:00:00.000000Z","open":"2512.0","low":"2512.0","high":"2512.0","close":"2512.0","__typename":"Bar"},{"volume":"0.0","time":"2018-10-06T19:00:00.000000Z","open":"2512.0","low":"2512.0","high":"2512.0","close":"2512.0","__typename":"Bar"},{"volume":"0.0","time":"2018-10-06T18:00:00.000000Z","open":"2512.0","low":"2512.0","high":"2512.0","close":"2512.0","__typename":"Bar"},{"volume":"0.0","time":"2018-10-06T17:00:00.000000Z","open":"2512.0","low":"2512.0","high":"2512.0","close":"2512.0","__typename":"Bar"},{"volume":"0.0","time":"2018-10-06T16:00:00.000000Z","open":"2512.0","low":"2512.0","high":"2512.0","close":"2512.0","__typename":"Bar"},{"volume":"0.0","time":"2018-10-06T15:00:00.000000Z","open":"2512.0","low":"2512.0","high":"2512.0","close":"2512.0","__typename":"Bar"},{"volume":"0.0","time":"2018-10-06T14:00:00.000000Z","open":"2512.0","low":"2512.0","high":"2512.0","close":"2512.0","__typename":"Bar"},{"volume":"0.0","time":"2018-10-06T13:00:00.000000Z","open":"2512.0","low":"2512.0","high":"2512.0","close":"2512.0","__typename":"Bar"},{"volume":"0.0","time":"2018-10-06T12:00:00.000000Z","open":"2512.0","low":"2512.0","high":"2512.0","close":"2512.0","__typename":"Bar"},{"volume":"0.0","time":"2018-10-06T11:00:00.000000Z","open":"2512.0","low":"2512.0","high":"2512.0","close":"2512.0","__typename":"Bar"},{"volume":"0.0","time":"2018-10-06T10:00:00.000000Z","open":"2512.0","low":"2512.0","high":"2512.0","close":"2512.0","__typename":"Bar"},{"volume":"0.0","time":"2018-10-06T09:00:00.000000Z","open":"2512.0","low":"2512.0","high":"2512.0","close":"2512.0","__typename":"Bar"},{"volume":"0.0","time":"2018-10-06T08:00:00.000000Z","open":"2512.0","low":"2512.0","high":"2512.0","close":"2512.0","__typename":"Bar"},{"volume":"0.0","time":"2018-10-06T07:00:00.000000Z","open":"2512.0","low":"2512.0","high":"2512.0","close":"2512.0","__typename":"Bar"},{"volume":"0.0","time":"2018-10-06T06:00:00.000000Z","open":"2512.0","low":"2512.0","high":"2512.0","close":"2512.0","__typename":"Bar"},{"volume":"0.0","time":"2018-10-06T05:00:00.000000Z","open":"2512.0","low":"2512.0","high":"2512.0","close":"2512.0","__typename":"Bar"},{"volume":"0.0","time":"2018-10-06T04:00:00.000000Z","open":"2512.0","low":"2512.0","high":"2512.0","close":"2512.0","__typename":"Bar"},{"volume":"0.0","time":"2018-10-06T03:00:00.000000Z","open":"2512.0","low":"2512.0","high":"2512.0","close":"2512.0","__typename":"Bar"},{"volume":"0.0","time":"2018-10-06T02:00:00.000000Z","open":"2512.0","low":"2512.0","high":"2512.0","close":"2512.0","__typename":"Bar"},{"volume":"0.0","time":"2018-10-06T01:00:00.000000Z","open":"2512.0","low":"2512.0","high":"2512.0","close":"2512.0","__typename":"Bar"},{"volume":"0.0","time":"2018-10-06T00:00:00.000000Z","open":"2512.0","low":"2512.0","high":"2512.0","close":"2512.0","__typename":"Bar"},{"volume":"0.0","time":"2018-10-05T23:00:00.000000Z","open":"2512.0","low":"2512.0","high":"2512.0","close":"2512.0","__typename":"Bar"},{"volume":"0.0","time":"2018-10-05T22:00:00.000000Z","open":"2512.0","low":"2512.0","high":"2512.0","close":"2512.0","__typename":"Bar"},{"volume":"0.0","time":"2018-10-05T21:00:00.000000Z","open":"2512.0","low":"2512.0","high":"2512.0","close":"2512.0","__typename":"Bar"},{"volume":"0.0","time":"2018-10-05T20:00:00.000000Z","open":"2512.0","low":"2512.0","high":"2512.0","close":"2512.0","__typename":"Bar"},{"volume":"0.0","time":"2018-10-05T19:00:00.000000Z","open":"2512.0","low":"2512.0","high":"2512.0","close":"2512.0","__typename":"Bar"},{"volume":"0.0","time":"2018-10-05T18:00:00.000000Z","open":"2512.0","low":"2512.0","high":"2512.0","close":"2512.0","__typename":"Bar"},{"volume":"0.0","time":"2018-10-05T17:00:00.000000Z","open":"2512.0","low":"2512.0","high":"2512.0","close":"2512.0","__typename":"Bar"},{"volume":"0.0","time":"2018-10-05T16:00:00.000000Z","open":"2512.0","low":"2512.0","high":"2512.0","close":"2512.0","__typename":"Bar"},{"volume":"0.0","time":"2018-10-05T15:00:00.000000Z","open":"2512.0","low":"2512.0","high":"2512.0","close":"2512.0","__typename":"Bar"},{"volume":"0.0","time":"2018-10-05T14:00:00.000000Z","open":"2512.0","low":"2512.0","high":"2512.0","close":"2512.0","__typename":"Bar"},{"volume":"0.0","time":"2018-10-05T13:00:00.000000Z","open":"2512.0","low":"2512.0","high":"2512.0","close":"2512.0","__typename":"Bar"},{"volume":"0.0","time":"2018-10-05T12:00:00.000000Z","open":"2512.0","low":"2512.0","high":"2512.0","close":"2512.0","__typename":"Bar"},{"volume":"0.0","time":"2018-10-05T11:00:00.000000Z","open":"2512.0","low":"2512.0","high":"2512.0","close":"2512.0","__typename":"Bar"},{"volume":"0.0","time":"2018-10-05T10:00:00.000000Z","open":"2512.0","low":"2512.0","high":"2512.0","close":"2512.0","__typename":"Bar"},{"volume":"0.0","time":"2018-10-05T09:00:00.000000Z","open":"2512.0","low":"2512.0","high":"2512.0","close":"2512.0","__typename":"Bar"},{"volume":"0.0","time":"2018-10-05T08:00:00.000000Z","open":"2512.0","low":"2512.0","high":"2512.0","close":"2512.0","__typename":"Bar"},{"volume":"0.0","time":"2018-10-05T07:00:00.000000Z","open":"2512.0","low":"2512.0","high":"2512.0","close":"2512.0","__typename":"Bar"},{"volume":"0.0","time":"2018-10-05T06:00:00.000000Z","open":"2512.0","low":"2512.0","high":"2512.0","close":"2512.0","__typename":"Bar"},{"volume":"0.0","time":"2018-10-05T05:00:00.000000Z","open":"2512.0","low":"2512.0","high":"2512.0","close":"2512.0","__typename":"Bar"},{"volume":"0.0","time":"2018-10-05T04:00:00.000000Z","open":"2512.0","low":"2512.0","high":"2512.0","close":"2512.0","__typename":"Bar"},{"volume":"0.0","time":"2018-10-05T03:00:00.000000Z","open":"2512.0","low":"2512.0","high":"2512.0","close":"2512.0","__typename":"Bar"},{"volume":"0.0","time":"2018-10-05T02:00:00.000000Z","open":"2512.0","low":"2512.0","high":"2512.0","close":"2512.0","__typename":"Bar"},{"volume":"0.0","time":"2018-10-05T01:00:00.000000Z","open":"2512.0","low":"2512.0","high":"2512.0","close":"2512.0","__typename":"Bar"},{"volume":"0.0","time":"2018-10-05T00:00:00.000000Z","open":"2512.0","low":"2512.0","high":"2512.0","close":"2512.0","__typename":"Bar"},{"volume":"0.0","time":"2018-10-04T23:00:00.000000Z","open":"2512.0","low":"2512.0","high":"2512.0","close":"2512.0","__typename":"Bar"},{"volume":"0.0","time":"2018-10-04T22:00:00.000000Z","open":"2512.0","low":"2512.0","high":"2512.0","close":"2512.0","__typename":"Bar"},{"volume":"0.0","time":"2018-10-04T21:00:00.000000Z","open":"2512.0","low":"2512.0","high":"2512.0","close":"2512.0","__typename":"Bar"},{"volume":"0.0","time":"2018-10-04T20:00:00.000000Z","open":"2512.0","low":"2512.0","high":"2512.0","close":"2512.0","__typename":"Bar"},{"volume":"0.0","time":"2018-10-04T19:00:00.000000Z","open":"2512.0","low":"2512.0","high":"2512.0","close":"2512.0","__typename":"Bar"},{"volume":"0.0","time":"2018-10-04T18:00:00.000000Z","open":"2512.0","low":"2512.0","high":"2512.0","close":"2512.0","__typename":"Bar"},{"volume":"0.0","time":"2018-10-04T17:00:00.000000Z","open":"2512.0","low":"2512.0","high":"2512.0","close":"2512.0","__typename":"Bar"},{"volume":"0.0","time":"2018-10-04T16:00:00.000000Z","open":"2512.0","low":"2512.0","high":"2512.0","close":"2512.0","__typename":"Bar"},{"volume":"0.0","time":"2018-10-04T15:00:00.000000Z","open":"2512.0","low":"2512.0","high":"2512.0","close":"2512.0","__typename":"Bar"},{"volume":"0.0","time":"2018-10-04T14:00:00.000000Z","open":"2512.0","low":"2512.0","high":"2512.0","close":"2512.0","__typename":"Bar"},{"volume":"0.0","time":"2018-10-04T13:00:00.000000Z","open":"2512.0","low":"2512.0","high":"2512.0","close":"2512.0","__typename":"Bar"},{"volume":"0.0","time":"2018-10-04T12:00:00.000000Z","open":"2512.0","low":"2512.0","high":"2512.0","close":"2512.0","__typename":"Bar"},{"volume":"0.0","time":"2018-10-04T11:00:00.000000Z","open":"2512.0","low":"2512.0","high":"2512.0","close":"2512.0","__typename":"Bar"},{"volume":"0.0","time":"2018-10-04T10:00:00.000000Z","open":"2512.0","low":"2512.0","high":"2512.0","close":"2512.0","__typename":"Bar"},{"volume":"0.0","time":"2018-10-04T09:00:00.000000Z","open":"2512.0","low":"2512.0","high":"2512.0","close":"2512.0","__typename":"Bar"},{"volume":"0.0","time":"2018-10-04T08:00:00.000000Z","open":"2512.0","low":"2512.0","high":"2512.0","close":"2512.0","__typename":"Bar"},{"volume":"0.0","time":"2018-10-04T07:00:00.000000Z","open":"2512.0","low":"2512.0","high":"2512.0","close":"2512.0","__typename":"Bar"},{"volume":"0.0","time":"2018-10-04T06:00:00.000000Z","open":"2512.0","low":"2512.0","high":"2512.0","close":"2512.0","__typename":"Bar"},{"volume":"0.0","time":"2018-10-04T05:00:00.000000Z","open":"2512.0","low":"2512.0","high":"2512.0","close":"2512.0","__typename":"Bar"},{"volume":"0.0","time":"2018-10-04T04:00:00.000000Z","open":"2512.0","low":"2512.0","high":"2512.0","close":"2512.0","__typename":"Bar"},{"volume":"0.0","time":"2018-10-04T03:00:00.000000Z","open":"2512.0","low":"2512.0","high":"2512.0","close":"2512.0","__typename":"Bar"},{"volume":"0.0","time":"2018-10-04T02:00:00.000000Z","open":"2512.0","low":"2512.0","high":"2512.0","close":"2512.0","__typename":"Bar"},{"volume":"0.0","time":"2018-10-04T01:00:00.000000Z","open":"2512.0","low":"2512.0","high":"2512.0","close":"2512.0","__typename":"Bar"},{"volume":"0.0","time":"2018-10-04T00:00:00.000000Z","open":"2512.0","low":"2512.0","high":"2512.0","close":"2512.0","__typename":"Bar"},{"volume":"0.0","time":"2018-10-03T23:00:00.000000Z","open":"2512.0","low":"2512.0","high":"2512.0","close":"2512.0","__typename":"Bar"},{"volume":"0.0","time":"2018-10-03T22:00:00.000000Z","open":"2512.0","low":"2512.0","high":"2512.0","close":"2512.0","__typename":"Bar"},{"volume":"0.0","time":"2018-10-03T21:00:00.000000Z","open":"2512.0","low":"2512.0","high":"2512.0","close":"2512.0","__typename":"Bar"},{"volume":"0.0","time":"2018-10-03T20:00:00.000000Z","open":"2512.0","low":"2512.0","high":"2512.0","close":"2512.0","__typename":"Bar"},{"volume":"0.0","time":"2018-10-03T19:00:00.000000Z","open":"2512.0","low":"2512.0","high":"2512.0","close":"2512.0","__typename":"Bar"},{"volume":"0.0","time":"2018-10-03T18:00:00.000000Z","open":"2512.0","low":"2512.0","high":"2512.0","close":"2512.0","__typename":"Bar"},{"volume":"0.0","time":"2018-10-03T17:00:00.000000Z","open":"2512.0","low":"2512.0","high":"2512.0","close":"2512.0","__typename":"Bar"},{"volume":"0.0","time":"2018-10-03T16:00:00.000000Z","open":"2512.0","low":"2512.0","high":"2512.0","close":"2512.0","__typename":"Bar"},{"volume":"0.0","time":"2018-10-03T15:00:00.000000Z","open":"2512.0","low":"2512.0","high":"2512.0","close":"2512.0","__typename":"Bar"},{"volume":"0.0","time":"2018-10-03T14:00:00.000000Z","open":"2512.0","low":"2512.0","high":"2512.0","close":"2512.0","__typename":"Bar"},{"volume":"0.0","time":"2018-10-03T13:00:00.000000Z","open":"2512.0","low":"2512.0","high":"2512.0","close":"2512.0","__typename":"Bar"},{"volume":"0.0","time":"2018-10-03T12:00:00.000000Z","open":"2512.0","low":"2512.0","high":"2512.0","close":"2512.0","__typename":"Bar"},{"volume":"0.0","time":"2018-10-03T11:00:00.000000Z","open":"2512.0","low":"2512.0","high":"2512.0","close":"2512.0","__typename":"Bar"},{"volume":"0.0","time":"2018-10-03T10:00:00.000000Z","open":"2512.0","low":"2512.0","high":"2512.0","close":"2512.0","__typename":"Bar"},{"volume":"0.0","time":"2018-10-03T09:00:00.000000Z","open":"2512.0","low":"2512.0","high":"2512.0","close":"2512.0","__typename":"Bar"},{"volume":"0.0","time":"2018-10-03T08:00:00.000000Z","open":"2512.0","low":"2512.0","high":"2512.0","close":"2512.0","__typename":"Bar"},{"volume":"0.0","time":"2018-10-03T07:00:00.000000Z","open":"2512.0","low":"2512.0","high":"2512.0","close":"2512.0","__typename":"Bar"},{"volume":"0.0","time":"2018-10-03T06:00:00.000000Z","open":"2512.0","low":"2512.0","high":"2512.0","close":"2512.0","__typename":"Bar"},{"volume":"0.0","time":"2018-10-03T05:00:00.000000Z","open":"2512.0","low":"2512.0","high":"2512.0","close":"2512.0","__typename":"Bar"},{"volume":"0.0","time":"2018-10-03T04:00:00.000000Z","open":"2512.0","low":"2512.0","high":"2512.0","close":"2512.0","__typename":"Bar"},{"volume":"0.0","time":"2018-10-03T03:00:00.000000Z","open":"2512.0","low":"2512.0","high":"2512.0","close":"2512.0","__typename":"Bar"},{"volume":"0.0","time":"2018-10-03T02:00:00.000000Z","open":"2512.0","low":"2512.0","high":"2512.0","close":"2512.0","__typename":"Bar"},{"volume":"0.0","time":"2018-10-03T01:00:00.000000Z","open":"2512.0","low":"2512.0","high":"2512.0","close":"2512.0","__typename":"Bar"},{"volume":"0.0","time":"2018-10-03T00:00:00.000000Z","open":"2512.0","low":"2512.0","high":"2512.0","close":"2512.0","__typename":"Bar"},{"volume":"0.0","time":"2018-10-02T23:00:00.000000Z","open":"2512.0","low":"2512.0","high":"2512.0","close":"2512.0","__typename":"Bar"},{"volume":"0.0","time":"2018-10-02T22:00:00.000000Z","open":"2512.0","low":"2512.0","high":"2512.0","close":"2512.0","__typename":"Bar"},{"volume":"0.0","time":"2018-10-02T21:00:00.000000Z","open":"2512.0","low":"2512.0","high":"2512.0","close":"2512.0","__typename":"Bar"},{"volume":"0.0","time":"2018-10-02T20:00:00.000000Z","open":"2512.0","low":"2512.0","high":"2512.0","close":"2512.0","__typename":"Bar"},{"volume":"0.0","time":"2018-10-02T19:00:00.000000Z","open":"2512.0","low":"2512.0","high":"2512.0","close":"2512.0","__typename":"Bar"},{"volume":"0.0","time":"2018-10-02T18:00:00.000000Z","open":"2512.0","low":"2512.0","high":"2512.0","close":"2512.0","__typename":"Bar"},{"volume":"0.0","time":"2018-10-02T17:00:00.000000Z","open":"2512.0","low":"2512.0","high":"2512.0","close":"2512.0","__typename":"Bar"},{"volume":"0.0","time":"2018-10-02T16:00:00.000000Z","open":"2512.0","low":"2512.0","high":"2512.0","close":"2512.0","__typename":"Bar"},{"volume":"0.0","time":"2018-10-02T15:00:00.000000Z","open":"2512.0","low":"2512.0","high":"2512.0","close":"2512.0","__typename":"Bar"},{"volume":"0.0","time":"2018-10-02T14:00:00.000000Z","open":"2512.0","low":"2512.0","high":"2512.0","close":"2512.0","__typename":"Bar"},{"volume":"4.12","time":"2018-10-02T13:00:00.000000Z","open":"2512.555","low":"2512.0","high":"2512.555","close":"2512.0","__typename":"Bar"},{"volume":"0.0","time":"2018-10-02T12:00:00.000000Z","open":"2512.555","low":"2512.555","high":"2512.555","close":"2512.555","__typename":"Bar"},{"volume":"0.0","time":"2018-10-02T11:00:00.000000Z","open":"2512.555","low":"2512.555","high":"2512.555","close":"2512.555","__typename":"Bar"},{"volume":"0.0","time":"2018-10-02T10:00:00.000000Z","open":"2512.555","low":"2512.555","high":"2512.555","close":"2512.555","__typename":"Bar"},{"volume":"0.0","time":"2018-10-02T09:00:00.000000Z","open":"2512.555","low":"2512.555","high":"2512.555","close":"2512.555","__typename":"Bar"},{"volume":"0.0","time":"2018-10-02T08:00:00.000000Z","open":"2512.555","low":"2512.555","high":"2512.555","close":"2512.555","__typename":"Bar"},{"volume":"0.0","time":"2018-10-02T07:00:00.000000Z","open":"2512.555","low":"2512.555","high":"2512.555","close":"2512.555","__typename":"Bar"},{"volume":"0.0","time":"2018-10-02T06:00:00.000000Z","open":"2512.555","low":"2512.555","high":"2512.555","close":"2512.555","__typename":"Bar"},{"volume":"0.0","time":"2018-10-02T05:00:00.000000Z","open":"2512.555","low":"2512.555","high":"2512.555","close":"2512.555","__typename":"Bar"},{"volume":"0.0","time":"2018-10-02T04:00:00.000000Z","open":"2512.555","low":"2512.555","high":"2512.555","close":"2512.555","__typename":"Bar"},{"volume":"0.0","time":"2018-10-02T03:00:00.000000Z","open":"2512.555","low":"2512.555","high":"2512.555","close":"2512.555","__typename":"Bar"},{"volume":"0.0","time":"2018-10-02T02:00:00.000000Z","open":"2512.555","low":"2512.555","high":"2512.555","close":"2512.555","__typename":"Bar"},{"volume":"0.0","time":"2018-10-02T01:00:00.000000Z","open":"2512.555","low":"2512.555","high":"2512.555","close":"2512.555","__typename":"Bar"},{"volume":"0.0","time":"2018-10-02T00:00:00.000000Z","open":"2512.555","low":"2512.555","high":"2512.555","close":"2512.555","__typename":"Bar"},{"volume":"0.0","time":"2018-10-01T23:00:00.000000Z","open":"2512.555","low":"2512.555","high":"2512.555","close":"2512.555","__typename":"Bar"},{"volume":"0.0","time":"2018-10-01T22:00:00.000000Z","open":"2512.555","low":"2512.555","high":"2512.555","close":"2512.555","__typename":"Bar"},{"volume":"0.0","time":"2018-10-01T21:00:00.000000Z","open":"2512.555","low":"2512.555","high":"2512.555","close":"2512.555","__typename":"Bar"},{"volume":"0.0","time":"2018-10-01T20:00:00.000000Z","open":"2512.555","low":"2512.555","high":"2512.555","close":"2512.555","__typename":"Bar"},{"volume":"0.0","time":"2018-10-01T19:00:00.000000Z","open":"2512.555","low":"2512.555","high":"2512.555","close":"2512.555","__typename":"Bar"},{"volume":"0.0","time":"2018-10-01T18:00:00.000000Z","open":"2512.555","low":"2512.555","high":"2512.555","close":"2512.555","__typename":"Bar"},{"volume":"0.0","time":"2018-10-01T17:00:00.000000Z","open":"2512.555","low":"2512.555","high":"2512.555","close":"2512.555","__typename":"Bar"},{"volume":"0.0","time":"2018-10-01T16:00:00.000000Z","open":"2512.555","low":"2512.555","high":"2512.555","close":"2512.555","__typename":"Bar"},{"volume":"0.0","time":"2018-10-01T15:00:00.000000Z","open":"2512.555","low":"2512.555","high":"2512.555","close":"2512.555","__typename":"Bar"},{"volume":"0.0","time":"2018-10-01T14:00:00.000000Z","open":"2512.555","low":"2512.555","high":"2512.555","close":"2512.555","__typename":"Bar"},{"volume":"0.0","time":"2018-10-01T13:00:00.000000Z","open":"2512.555","low":"2512.555","high":"2512.555","close":"2512.555","__typename":"Bar"},{"volume":"0.0","time":"2018-10-01T12:00:00.000000Z","open":"2512.555","low":"2512.555","high":"2512.555","close":"2512.555","__typename":"Bar"},{"volume":"0.0","time":"2018-10-01T11:00:00.000000Z","open":"2512.555","low":"2512.555","high":"2512.555","close":"2512.555","__typename":"Bar"},{"volume":"0.0","time":"2018-10-01T10:00:00.000000Z","open":"2512.555","low":"2512.555","high":"2512.555","close":"2512.555","__typename":"Bar"},{"volume":"0.0","time":"2018-10-01T09:00:00.000000Z","open":"2512.555","low":"2512.555","high":"2512.555","close":"2512.555","__typename":"Bar"},{"volume":"0.0","time":"2018-10-01T08:00:00.000000Z","open":"2512.555","low":"2512.555","high":"2512.555","close":"2512.555","__typename":"Bar"},{"volume":"0.0","time":"2018-10-01T07:00:00.000000Z","open":"2512.555","low":"2512.555","high":"2512.555","close":"2512.555","__typename":"Bar"},{"volume":"0.0","time":"2018-10-01T06:00:00.000000Z","open":"2512.555","low":"2512.555","high":"2512.555","close":"2512.555","__typename":"Bar"},{"volume":"0.0","time":"2018-10-01T05:00:00.000000Z","open":"2512.555","low":"2512.555","high":"2512.555","close":"2512.555","__typename":"Bar"},{"volume":"0.0","time":"2018-10-01T04:00:00.000000Z","open":"2512.555","low":"2512.555","high":"2512.555","close":"2512.555","__typename":"Bar"},{"volume":"0.0","time":"2018-10-01T03:00:00.000000Z","open":"2512.555","low":"2512.555","high":"2512.555","close":"2512.555","__typename":"Bar"},{"volume":"0.0","time":"2018-10-01T02:00:00.000000Z","open":"2512.555","low":"2512.555","high":"2512.555","close":"2512.555","__typename":"Bar"},{"volume":"0.0","time":"2018-10-01T01:00:00.000000Z","open":"2512.555","low":"2512.555","high":"2512.555","close":"2512.555","__typename":"Bar"},{"volume":"0.0","time":"2018-10-01T00:00:00.000000Z","open":"2512.555","low":"2512.555","high":"2512.555","close":"2512.555","__typename":"Bar"},{"volume":"0.0","time":"2018-09-30T23:00:00.000000Z","open":"2512.555","low":"2512.555","high":"2512.555","close":"2512.555","__typename":"Bar"},{"volume":"0.0","time":"2018-09-30T22:00:00.000000Z","open":"2512.555","low":"2512.555","high":"2512.555","close":"2512.555","__typename":"Bar"},{"volume":"0.0","time":"2018-09-30T21:00:00.000000Z","open":"2512.555","low":"2512.555","high":"2512.555","close":"2512.555","__typename":"Bar"},{"volume":"0.0","time":"2018-09-30T20:00:00.000000Z","open":"2512.555","low":"2512.555","high":"2512.555","close":"2512.555","__typename":"Bar"},{"volume":"0.0","time":"2018-09-30T19:00:00.000000Z","open":"2512.555","low":"2512.555","high":"2512.555","close":"2512.555","__typename":"Bar"},{"volume":"0.0","time":"2018-09-30T18:00:00.000000Z","open":"2512.555","low":"2512.555","high":"2512.555","close":"2512.555","__typename":"Bar"},{"volume":"0.0","time":"2018-09-30T17:00:00.000000Z","open":"2512.555","low":"2512.555","high":"2512.555","close":"2512.555","__typename":"Bar"},{"volume":"0.0","time":"2018-09-30T16:00:00.000000Z","open":"2512.555","low":"2512.555","high":"2512.555","close":"2512.555","__typename":"Bar"},{"volume":"0.0","time":"2018-09-30T15:00:00.000000Z","open":"2512.555","low":"2512.555","high":"2512.555","close":"2512.555","__typename":"Bar"},{"volume":"0.0","time":"2018-09-30T14:00:00.000000Z","open":"2512.555","low":"2512.555","high":"2512.555","close":"2512.555","__typename":"Bar"},{"volume":"0.0","time":"2018-09-30T13:00:00.000000Z","open":"2512.555","low":"2512.555","high":"2512.555","close":"2512.555","__typename":"Bar"},{"volume":"0.0","time":"2018-09-30T12:00:00.000000Z","open":"2512.555","low":"2512.555","high":"2512.555","close":"2512.555","__typename":"Bar"},{"volume":"0.0","time":"2018-09-30T11:00:00.000000Z","open":"2512.555","low":"2512.555","high":"2512.555","close":"2512.555","__typename":"Bar"},{"volume":"0.0","time":"2018-09-30T10:00:00.000000Z","open":"2512.555","low":"2512.555","high":"2512.555","close":"2512.555","__typename":"Bar"},{"volume":"0.0","time":"2018-09-30T09:00:00.000000Z","open":"2512.555","low":"2512.555","high":"2512.555","close":"2512.555","__typename":"Bar"},{"volume":"0.0","time":"2018-09-30T08:00:00.000000Z","open":"2512.555","low":"2512.555","high":"2512.555","close":"2512.555","__typename":"Bar"},{"volume":"0.0","time":"2018-09-30T07:00:00.000000Z","open":"2512.555","low":"2512.555","high":"2512.555","close":"2512.555","__typename":"Bar"},{"volume":"0.0","time":"2018-09-30T06:00:00.000000Z","open":"2512.555","low":"2512.555","high":"2512.555","close":"2512.555","__typename":"Bar"},{"volume":"0.0","time":"2018-09-30T05:00:00.000000Z","open":"2512.555","low":"2512.555","high":"2512.555","close":"2512.555","__typename":"Bar"},{"volume":"0.0","time":"2018-09-30T04:00:00.000000Z","open":"2512.555","low":"2512.555","high":"2512.555","close":"2512.555","__typename":"Bar"},{"volume":"45.38869","time":"2018-09-30T03:00:00.000000Z","open":"2666.0","low":"2512.0","high":"2666.0","close":"2512.555","__typename":"Bar"},{"volume":"10.09346","time":"2018-09-30T02:00:00.000000Z","open":"2292.0","low":"2291.0","high":"2666.0","close":"2666.0","__typename":"Bar"},{"volume":"0.0","time":"2018-09-30T01:00:00.000000Z","open":"2292.0","low":"2292.0","high":"2292.0","close":"2292.0","__typename":"Bar"},{"volume":"0.0","time":"2018-09-30T00:00:00.000000Z","open":"2292.0","low":"2292.0","high":"2292.0","close":"2292.0","__typename":"Bar"},{"volume":"0.0","time":"2018-09-29T23:00:00.000000Z","open":"2292.0","low":"2292.0","high":"2292.0","close":"2292.0","__typename":"Bar"},{"volume":"0.0","time":"2018-09-29T22:00:00.000000Z","open":"2292.0","low":"2292.0","high":"2292.0","close":"2292.0","__typename":"Bar"},{"volume":"0.0","time":"2018-09-29T21:00:00.000000Z","open":"2292.0","low":"2292.0","high":"2292.0","close":"2292.0","__typename":"Bar"},{"volume":"0.0","time":"2018-09-29T20:00:00.000000Z","open":"2292.0","low":"2292.0","high":"2292.0","close":"2292.0","__typename":"Bar"},{"volume":"0.0","time":"2018-09-29T19:00:00.000000Z","open":"2292.0","low":"2292.0","high":"2292.0","close":"2292.0","__typename":"Bar"},{"volume":"0.0","time":"2018-09-29T18:00:00.000000Z","open":"2292.0","low":"2292.0","high":"2292.0","close":"2292.0","__typename":"Bar"},{"volume":"0.0","time":"2018-09-29T17:00:00.000000Z","open":"2292.0","low":"2292.0","high":"2292.0","close":"2292.0","__typename":"Bar"},{"volume":"0.0","time":"2018-09-29T16:00:00.000000Z","open":"2292.0","low":"2292.0","high":"2292.0","close":"2292.0","__typename":"Bar"},{"volume":"0.0","time":"2018-09-29T15:00:00.000000Z","open":"2292.0","low":"2292.0","high":"2292.0","close":"2292.0","__typename":"Bar"},{"volume":"0.0","time":"2018-09-29T14:00:00.000000Z","open":"2292.0","low":"2292.0","high":"2292.0","close":"2292.0","__typename":"Bar"},{"volume":"0.0","time":"2018-09-29T13:00:00.000000Z","open":"2292.0","low":"2292.0","high":"2292.0","close":"2292.0","__typename":"Bar"},{"volume":"0.0","time":"2018-09-29T12:00:00.000000Z","open":"2292.0","low":"2292.0","high":"2292.0","close":"2292.0","__typename":"Bar"},{"volume":"0.0","time":"2018-09-29T11:00:00.000000Z","open":"2292.0","low":"2292.0","high":"2292.0","close":"2292.0","__typename":"Bar"},{"volume":"0.0","time":"2018-09-29T10:00:00.000000Z","open":"2292.0","low":"2292.0","high":"2292.0","close":"2292.0","__typename":"Bar"},{"volume":"0.0","time":"2018-09-29T09:00:00.000000Z","open":"2292.0","low":"2292.0","high":"2292.0","close":"2292.0","__typename":"Bar"},{"volume":"0.0","time":"2018-09-29T08:00:00.000000Z","open":"2292.0","low":"2292.0","high":"2292.0","close":"2292.0","__typename":"Bar"},{"volume":"0.0","time":"2018-09-29T07:00:00.000000Z","open":"2292.0","low":"2292.0","high":"2292.0","close":"2292.0","__typename":"Bar"},{"volume":"1233.00654","time":"2018-09-29T06:00:00.000000Z","open":"101.0","low":"1.11","high":"2292.0","close":"2292.0","__typename":"Bar"},{"volume":"0.0","time":"2018-09-29T05:00:00.000000Z","open":"101.0","low":"101.0","high":"101.0","close":"101.0","__typename":"Bar"},{"volume":"0.0","time":"2018-09-29T04:00:00.000000Z","open":"101.0","low":"101.0","high":"101.0","close":"101.0","__typename":"Bar"},{"volume":"0.0","time":"2018-09-29T03:00:00.000000Z","open":"101.0","low":"101.0","high":"101.0","close":"101.0","__typename":"Bar"},{"volume":"0.0","time":"2018-09-29T02:00:00.000000Z","open":"101.0","low":"101.0","high":"101.0","close":"101.0","__typename":"Bar"},{"volume":"0.0","time":"2018-09-29T01:00:00.000000Z","open":"101.0","low":"101.0","high":"101.0","close":"101.0","__typename":"Bar"},{"volume":"0.0","time":"2018-09-29T00:00:00.000000Z","open":"101.0","low":"101.0","high":"101.0","close":"101.0","__typename":"Bar"},{"volume":"0.0","time":"2018-09-28T23:00:00.000000Z","open":"101.0","low":"101.0","high":"101.0","close":"101.0","__typename":"Bar"},{"volume":"0.0","time":"2018-09-28T22:00:00.000000Z","open":"101.0","low":"101.0","high":"101.0","close":"101.0","__typename":"Bar"},{"volume":"0.0","time":"2018-09-28T21:00:00.000000Z","open":"101.0","low":"101.0","high":"101.0","close":"101.0","__typename":"Bar"},{"volume":"0.0","time":"2018-09-28T20:00:00.000000Z","open":"101.0","low":"101.0","high":"101.0","close":"101.0","__typename":"Bar"},{"volume":"0.0","time":"2018-09-28T19:00:00.000000Z","open":"101.0","low":"101.0","high":"101.0","close":"101.0","__typename":"Bar"},{"volume":"0.0","time":"2018-09-28T18:00:00.000000Z","open":"101.0","low":"101.0","high":"101.0","close":"101.0","__typename":"Bar"},{"volume":"0.0","time":"2018-09-28T17:00:00.000000Z","open":"101.0","low":"101.0","high":"101.0","close":"101.0","__typename":"Bar"},{"volume":"0.0","time":"2018-09-28T16:00:00.000000Z","open":"101.0","low":"101.0","high":"101.0","close":"101.0","__typename":"Bar"},{"volume":"0.0","time":"2018-09-28T15:00:00.000000Z","open":"101.0","low":"101.0","high":"101.0","close":"101.0","__typename":"Bar"},{"volume":"0.0","time":"2018-09-28T14:00:00.000000Z","open":"101.0","low":"101.0","high":"101.0","close":"101.0","__typename":"Bar"},{"volume":"0.0","time":"2018-09-28T13:00:00.000000Z","open":"101.0","low":"101.0","high":"101.0","close":"101.0","__typename":"Bar"},{"volume":"0.0","time":"2018-09-28T12:00:00.000000Z","open":"101.0","low":"101.0","high":"101.0","close":"101.0","__typename":"Bar"},{"volume":"0.0","time":"2018-09-28T11:00:00.000000Z","open":"101.0","low":"101.0","high":"101.0","close":"101.0","__typename":"Bar"},{"volume":"0.0","time":"2018-09-28T10:00:00.000000Z","open":"101.0","low":"101.0","high":"101.0","close":"101.0","__typename":"Bar"},{"volume":"0.0","time":"2018-09-28T09:00:00.000000Z","open":"101.0","low":"101.0","high":"101.0","close":"101.0","__typename":"Bar"},{"volume":"1.0","time":"2018-09-28T08:00:00.000000Z","open":"105.0","low":"101.0","high":"105.0","close":"101.0","__typename":"Bar"},{"volume":"0.0","time":"2018-09-28T07:00:00.000000Z","open":"105.0","low":"105.0","high":"105.0","close":"105.0","__typename":"Bar"},{"volume":"0.0","time":"2018-09-28T06:00:00.000000Z","open":"105.0","low":"105.0","high":"105.0","close":"105.0","__typename":"Bar"},{"volume":"0.0","time":"2018-09-28T05:00:00.000000Z","open":"105.0","low":"105.0","high":"105.0","close":"105.0","__typename":"Bar"},{"volume":"0.0","time":"2018-09-28T04:00:00.000000Z","open":"105.0","low":"105.0","high":"105.0","close":"105.0","__typename":"Bar"},{"volume":"0.0","time":"2018-09-28T03:00:00.000000Z","open":"105.0","low":"105.0","high":"105.0","close":"105.0","__typename":"Bar"},{"volume":"0.0","time":"2018-09-28T02:00:00.000000Z","open":"105.0","low":"105.0","high":"105.0","close":"105.0","__typename":"Bar"},{"volume":"0.0","time":"2018-09-28T01:00:00.000000Z","open":"105.0","low":"105.0","high":"105.0","close":"105.0","__typename":"Bar"},{"volume":"0.0","time":"2018-09-28T00:00:00.000000Z","open":"105.0","low":"105.0","high":"105.0","close":"105.0","__typename":"Bar"},{"volume":"0.0","time":"2018-09-27T23:00:00.000000Z","open":"105.0","low":"105.0","high":"105.0","close":"105.0","__typename":"Bar"},{"volume":"0.0","time":"2018-09-27T22:00:00.000000Z","open":"105.0","low":"105.0","high":"105.0","close":"105.0","__typename":"Bar"},{"volume":"0.0","time":"2018-09-27T21:00:00.000000Z","open":"105.0","low":"105.0","high":"105.0","close":"105.0","__typename":"Bar"},{"volume":"0.0","time":"2018-09-27T20:00:00.000000Z","open":"105.0","low":"105.0","high":"105.0","close":"105.0","__typename":"Bar"},{"volume":"0.0","time":"2018-09-27T19:00:00.000000Z","open":"105.0","low":"105.0","high":"105.0","close":"105.0","__typename":"Bar"},{"volume":"0.0","time":"2018-09-27T18:00:00.000000Z","open":"105.0","low":"105.0","high":"105.0","close":"105.0","__typename":"Bar"},{"volume":"0.0","time":"2018-09-27T17:00:00.000000Z","open":"105.0","low":"105.0","high":"105.0","close":"105.0","__typename":"Bar"},{"volume":"0.0","time":"2018-09-27T16:00:00.000000Z","open":"105.0","low":"105.0","high":"105.0","close":"105.0","__typename":"Bar"},{"volume":"0.0","time":"2018-09-27T15:00:00.000000Z","open":"105.0","low":"105.0","high":"105.0","close":"105.0","__typename":"Bar"},{"volume":"0.0","time":"2018-09-27T14:00:00.000000Z","open":"105.0","low":"105.0","high":"105.0","close":"105.0","__typename":"Bar"},{"volume":"0.0","time":"2018-09-27T13:00:00.000000Z","open":"105.0","low":"105.0","high":"105.0","close":"105.0","__typename":"Bar"},{"volume":"0.0","time":"2018-09-27T12:00:00.000000Z","open":"105.0","low":"105.0","high":"105.0","close":"105.0","__typename":"Bar"},{"volume":"0.0","time":"2018-09-27T11:00:00.000000Z","open":"105.0","low":"105.0","high":"105.0","close":"105.0","__typename":"Bar"},{"volume":"0.0","time":"2018-09-27T10:00:00.000000Z","open":"105.0","low":"105.0","high":"105.0","close":"105.0","__typename":"Bar"},{"volume":"33.70662","time":"2018-09-27T09:00:00.000000Z","open":"105.0","low":"12.343","high":"107.0","close":"105.0","__typename":"Bar"},{"volume":"0.0","time":"2018-09-27T08:00:00.000000Z","open":"105.0","low":"105.0","high":"105.0","close":"105.0","__typename":"Bar"},{"volume":"0.0","time":"2018-09-27T07:00:00.000000Z","open":"105.0","low":"105.0","high":"105.0","close":"105.0","__typename":"Bar"},{"volume":"0.0","time":"2018-09-27T06:00:00.000000Z","open":"105.0","low":"105.0","high":"105.0","close":"105.0","__typename":"Bar"},{"volume":"0.0","time":"2018-09-27T05:00:00.000000Z","open":"105.0","low":"105.0","high":"105.0","close":"105.0","__typename":"Bar"},{"volume":"0.0","time":"2018-09-27T04:00:00.000000Z","open":"105.0","low":"105.0","high":"105.0","close":"105.0","__typename":"Bar"},{"volume":"0.0","time":"2018-09-27T03:00:00.000000Z","open":"105.0","low":"105.0","high":"105.0","close":"105.0","__typename":"Bar"},{"volume":"0.0","time":"2018-09-27T02:00:00.000000Z","open":"105.0","low":"105.0","high":"105.0","close":"105.0","__typename":"Bar"},{"volume":"0.0","time":"2018-09-27T01:00:00.000000Z","open":"105.0","low":"105.0","high":"105.0","close":"105.0","__typename":"Bar"},{"volume":"0.0","time":"2018-09-27T00:00:00.000000Z","open":"105.0","low":"105.0","high":"105.0","close":"105.0","__typename":"Bar"},{"volume":"0.0","time":"2018-09-26T23:00:00.000000Z","open":"105.0","low":"105.0","high":"105.0","close":"105.0","__typename":"Bar"},{"volume":"0.0","time":"2018-09-26T22:00:00.000000Z","open":"105.0","low":"105.0","high":"105.0","close":"105.0","__typename":"Bar"},{"volume":"0.0","time":"2018-09-26T21:00:00.000000Z","open":"105.0","low":"105.0","high":"105.0","close":"105.0","__typename":"Bar"},{"volume":"0.0","time":"2018-09-26T20:00:00.000000Z","open":"105.0","low":"105.0","high":"105.0","close":"105.0","__typename":"Bar"},{"volume":"0.0","time":"2018-09-26T19:00:00.000000Z","open":"105.0","low":"105.0","high":"105.0","close":"105.0","__typename":"Bar"},{"volume":"0.0","time":"2018-09-26T18:00:00.000000Z","open":"105.0","low":"105.0","high":"105.0","close":"105.0","__typename":"Bar"},{"volume":"1.0","time":"2018-09-26T17:00:00.000000Z","open":"104.0","low":"104.0","high":"105.0","close":"105.0","__typename":"Bar"},{"volume":"0.0","time":"2018-09-26T16:00:00.000000Z","open":"104.0","low":"104.0","high":"104.0","close":"104.0","__typename":"Bar"},{"volume":"0.0","time":"2018-09-26T15:00:00.000000Z","open":"104.0","low":"104.0","high":"104.0","close":"104.0","__typename":"Bar"},{"volume":"0.0","time":"2018-09-26T14:00:00.000000Z","open":"104.0","low":"104.0","high":"104.0","close":"104.0","__typename":"Bar"},{"volume":"0.0","time":"2018-09-26T13:00:00.000000Z","open":"104.0","low":"104.0","high":"104.0","close":"104.0","__typename":"Bar"},{"volume":"0.0","time":"2018-09-26T12:00:00.000000Z","open":"104.0","low":"104.0","high":"104.0","close":"104.0","__typename":"Bar"},{"volume":"12.0","time":"2018-09-26T11:00:00.000000Z","open":"104.0","low":"103.0","high":"108.0","close":"104.0","__typename":"Bar"},{"volume":"132.10092","time":"2018-09-26T10:00:00.000000Z","open":"108.0","low":"104.0","high":"109.0","close":"104.0","__typename":"Bar"},{"volume":"125.353","time":"2018-09-26T09:00:00.000000Z","open":"108.0","low":"108.0","high":"1106.92","close":"108.0","__typename":"Bar"},{"volume":"0.0","time":"2018-09-26T08:00:00.000000Z","open":"108.0","low":"108.0","high":"108.0","close":"108.0","__typename":"Bar"},{"volume":"0.0","time":"2018-09-26T07:00:00.000000Z","open":"108.0","low":"108.0","high":"108.0","close":"108.0","__typename":"Bar"},{"volume":"0.0","time":"2018-09-26T06:00:00.000000Z","open":"108.0","low":"108.0","high":"108.0","close":"108.0","__typename":"Bar"},{"volume":"0.0","time":"2018-09-26T05:00:00.000000Z","open":"108.0","low":"108.0","high":"108.0","close":"108.0","__typename":"Bar"},{"volume":"0.0","time":"2018-09-26T04:00:00.000000Z","open":"108.0","low":"108.0","high":"108.0","close":"108.0","__typename":"Bar"},{"volume":"47.223","time":"2018-09-26T03:00:00.000000Z","open":"1.115","low":"1.115","high":"108.0","close":"108.0","__typename":"Bar"},{"volume":"0.0","time":"2018-09-26T02:00:00.000000Z","open":"1.115","low":"1.115","high":"1.115","close":"1.115","__typename":"Bar"},{"volume":"0.0","time":"2018-09-26T01:00:00.000000Z","open":"1.115","low":"1.115","high":"1.115","close":"1.115","__typename":"Bar"},{"volume":"0.0","time":"2018-09-26T00:00:00.000000Z","open":"1.115","low":"1.115","high":"1.115","close":"1.115","__typename":"Bar"},{"volume":"0.0","time":"2018-09-25T23:00:00.000000Z","open":"1.115","low":"1.115","high":"1.115","close":"1.115","__typename":"Bar"},{"volume":"0.0","time":"2018-09-25T22:00:00.000000Z","open":"1.115","low":"1.115","high":"1.115","close":"1.115","__typename":"Bar"},{"volume":"0.0","time":"2018-09-25T21:00:00.000000Z","open":"1.115","low":"1.115","high":"1.115","close":"1.115","__typename":"Bar"},{"volume":"0.0","time":"2018-09-25T20:00:00.000000Z","open":"1.115","low":"1.115","high":"1.115","close":"1.115","__typename":"Bar"},{"volume":"0.0","time":"2018-09-25T19:00:00.000000Z","open":"1.115","low":"1.115","high":"1.115","close":"1.115","__typename":"Bar"},{"volume":"0.0","time":"2018-09-25T18:00:00.000000Z","open":"1.115","low":"1.115","high":"1.115","close":"1.115","__typename":"Bar"},{"volume":"0.0","time":"2018-09-25T17:00:00.000000Z","open":"1.115","low":"1.115","high":"1.115","close":"1.115","__typename":"Bar"},{"volume":"0.0","time":"2018-09-25T16:00:00.000000Z","open":"1.115","low":"1.115","high":"1.115","close":"1.115","__typename":"Bar"},{"volume":"0.0","time":"2018-09-25T15:00:00.000000Z","open":"1.115","low":"1.115","high":"1.115","close":"1.115","__typename":"Bar"},{"volume":"0.0","time":"2018-09-25T14:00:00.000000Z","open":"1.115","low":"1.115","high":"1.115","close":"1.115","__typename":"Bar"},{"volume":"0.0","time":"2018-09-25T13:00:00.000000Z","open":"1.115","low":"1.115","high":"1.115","close":"1.115","__typename":"Bar"},{"volume":"0.0","time":"2018-09-25T12:00:00.000000Z","open":"1.115","low":"1.115","high":"1.115","close":"1.115","__typename":"Bar"},{"volume":"0.0","time":"2018-09-25T11:00:00.000000Z","open":"1.115","low":"1.115","high":"1.115","close":"1.115","__typename":"Bar"},{"volume":"0.0","time":"2018-09-25T10:00:00.000000Z","open":"1.115","low":"1.115","high":"1.115","close":"1.115","__typename":"Bar"},{"volume":"0.0","time":"2018-09-25T09:00:00.000000Z","open":"1.115","low":"1.115","high":"1.115","close":"1.115","__typename":"Bar"},{"volume":"0.0","time":"2018-09-25T08:00:00.000000Z","open":"1.115","low":"1.115","high":"1.115","close":"1.115","__typename":"Bar"},{"volume":"0.0","time":"2018-09-25T07:00:00.000000Z","open":"1.115","low":"1.115","high":"1.115","close":"1.115","__typename":"Bar"},{"volume":"0.0","time":"2018-09-25T06:00:00.000000Z","open":"1.115","low":"1.115","high":"1.115","close":"1.115","__typename":"Bar"},{"volume":"0.0","time":"2018-09-25T05:00:00.000000Z","open":"1.115","low":"1.115","high":"1.115","close":"1.115","__typename":"Bar"},{"volume":"112.03105","time":"2018-09-25T04:00:00.000000Z","open":"1.234","low":"1.115","high":"1.234","close":"1.115","__typename":"Bar"},{"volume":"0.0","time":"2018-09-25T03:00:00.000000Z","open":"1.234","low":"1.234","high":"1.234","close":"1.234","__typename":"Bar"},{"volume":"0.0","time":"2018-09-25T02:00:00.000000Z","open":"1.234","low":"1.234","high":"1.234","close":"1.234","__typename":"Bar"},{"volume":"0.0","time":"2018-09-25T01:00:00.000000Z","open":"1.234","low":"1.234","high":"1.234","close":"1.234","__typename":"Bar"},{"volume":"0.0","time":"2018-09-25T00:00:00.000000Z","open":"1.234","low":"1.234","high":"1.234","close":"1.234","__typename":"Bar"},{"volume":"0.0","time":"2018-09-24T23:00:00.000000Z","open":"1.234","low":"1.234","high":"1.234","close":"1.234","__typename":"Bar"},{"volume":"0.0","time":"2018-09-24T22:00:00.000000Z","open":"1.234","low":"1.234","high":"1.234","close":"1.234","__typename":"Bar"},{"volume":"0.0","time":"2018-09-24T21:00:00.000000Z","open":"1.234","low":"1.234","high":"1.234","close":"1.234","__typename":"Bar"},{"volume":"0.0","time":"2018-09-24T20:00:00.000000Z","open":"1.234","low":"1.234","high":"1.234","close":"1.234","__typename":"Bar"},{"volume":"0.0","time":"2018-09-24T19:00:00.000000Z","open":"1.234","low":"1.234","high":"1.234","close":"1.234","__typename":"Bar"},{"volume":"0.0","time":"2018-09-24T18:00:00.000000Z","open":"1.234","low":"1.234","high":"1.234","close":"1.234","__typename":"Bar"},{"volume":"0.0","time":"2018-09-24T17:00:00.000000Z","open":"1.234","low":"1.234","high":"1.234","close":"1.234","__typename":"Bar"},{"volume":"0.0","time":"2018-09-24T16:00:00.000000Z","open":"1.234","low":"1.234","high":"1.234","close":"1.234","__typename":"Bar"},{"volume":"0.0","time":"2018-09-24T15:00:00.000000Z","open":"1.234","low":"1.234","high":"1.234","close":"1.234","__typename":"Bar"},{"volume":"0.0","time":"2018-09-24T14:00:00.000000Z","open":"1.234","low":"1.234","high":"1.234","close":"1.234","__typename":"Bar"},{"volume":"0.0","time":"2018-09-24T13:00:00.000000Z","open":"1.234","low":"1.234","high":"1.234","close":"1.234","__typename":"Bar"},{"volume":"0.0","time":"2018-09-24T12:00:00.000000Z","open":"1.234","low":"1.234","high":"1.234","close":"1.234","__typename":"Bar"},{"volume":"0.0","time":"2018-09-24T11:00:00.000000Z","open":"1.234","low":"1.234","high":"1.234","close":"1.234","__typename":"Bar"},{"volume":"0.0","time":"2018-09-24T10:00:00.000000Z","open":"1.234","low":"1.234","high":"1.234","close":"1.234","__typename":"Bar"},{"volume":"0.0","time":"2018-09-24T09:00:00.000000Z","open":"1.234","low":"1.234","high":"1.234","close":"1.234","__typename":"Bar"},{"volume":"0.0","time":"2018-09-24T08:00:00.000000Z","open":"1.234","low":"1.234","high":"1.234","close":"1.234","__typename":"Bar"},{"volume":"0.0","time":"2018-09-24T07:00:00.000000Z","open":"1.234","low":"1.234","high":"1.234","close":"1.234","__typename":"Bar"},{"volume":"0.0","time":"2018-09-24T06:00:00.000000Z","open":"1.234","low":"1.234","high":"1.234","close":"1.234","__typename":"Bar"},{"volume":"0.0","time":"2018-09-24T05:00:00.000000Z","open":"1.234","low":"1.234","high":"1.234","close":"1.234","__typename":"Bar"},{"volume":"0.0","time":"2018-09-24T04:00:00.000000Z","open":"1.234","low":"1.234","high":"1.234","close":"1.234","__typename":"Bar"},{"volume":"0.0","time":"2018-09-24T03:00:00.000000Z","open":"1.234","low":"1.234","high":"1.234","close":"1.234","__typename":"Bar"},{"volume":"0.0","time":"2018-09-24T02:00:00.000000Z","open":"1.234","low":"1.234","high":"1.234","close":"1.234","__typename":"Bar"},{"volume":"0.0","time":"2018-09-24T01:00:00.000000Z","open":"1.234","low":"1.234","high":"1.234","close":"1.234","__typename":"Bar"},{"volume":"0.0","time":"2018-09-24T00:00:00.000000Z","open":"1.234","low":"1.234","high":"1.234","close":"1.234","__typename":"Bar"},{"volume":"0.0","time":"2018-09-23T23:00:00.000000Z","open":"1.234","low":"1.234","high":"1.234","close":"1.234","__typename":"Bar"},{"volume":"0.0","time":"2018-09-23T22:00:00.000000Z","open":"1.234","low":"1.234","high":"1.234","close":"1.234","__typename":"Bar"},{"volume":"0.0","time":"2018-09-23T21:00:00.000000Z","open":"1.234","low":"1.234","high":"1.234","close":"1.234","__typename":"Bar"},{"volume":"0.0","time":"2018-09-23T20:00:00.000000Z","open":"1.234","low":"1.234","high":"1.234","close":"1.234","__typename":"Bar"},{"volume":"0.0","time":"2018-09-23T19:00:00.000000Z","open":"1.234","low":"1.234","high":"1.234","close":"1.234","__typename":"Bar"},{"volume":"0.0","time":"2018-09-23T18:00:00.000000Z","open":"1.234","low":"1.234","high":"1.234","close":"1.234","__typename":"Bar"},{"volume":"0.0","time":"2018-09-23T17:00:00.000000Z","open":"1.234","low":"1.234","high":"1.234","close":"1.234","__typename":"Bar"},{"volume":"0.0","time":"2018-09-23T16:00:00.000000Z","open":"1.234","low":"1.234","high":"1.234","close":"1.234","__typename":"Bar"},{"volume":"0.0","time":"2018-09-23T15:00:00.000000Z","open":"1.234","low":"1.234","high":"1.234","close":"1.234","__typename":"Bar"},{"volume":"0.0","time":"2018-09-23T14:00:00.000000Z","open":"1.234","low":"1.234","high":"1.234","close":"1.234","__typename":"Bar"},{"volume":"0.0","time":"2018-09-23T13:00:00.000000Z","open":"1.234","low":"1.234","high":"1.234","close":"1.234","__typename":"Bar"},{"volume":"0.0","time":"2018-09-23T12:00:00.000000Z","open":"1.234","low":"1.234","high":"1.234","close":"1.234","__typename":"Bar"},{"volume":"0.0","time":"2018-09-23T11:00:00.000000Z","open":"1.234","low":"1.234","high":"1.234","close":"1.234","__typename":"Bar"},{"volume":"0.0","time":"2018-09-23T10:00:00.000000Z","open":"1.234","low":"1.234","high":"1.234","close":"1.234","__typename":"Bar"},{"volume":"0.0","time":"2018-09-23T09:00:00.000000Z","open":"1.234","low":"1.234","high":"1.234","close":"1.234","__typename":"Bar"},{"volume":"0.0","time":"2018-09-23T08:00:00.000000Z","open":"1.234","low":"1.234","high":"1.234","close":"1.234","__typename":"Bar"},{"volume":"0.0","time":"2018-09-23T07:00:00.000000Z","open":"1.234","low":"1.234","high":"1.234","close":"1.234","__typename":"Bar"},{"volume":"0.0","time":"2018-09-23T06:00:00.000000Z","open":"1.234","low":"1.234","high":"1.234","close":"1.234","__typename":"Bar"},{"volume":"0.0","time":"2018-09-23T05:00:00.000000Z","open":"1.234","low":"1.234","high":"1.234","close":"1.234","__typename":"Bar"},{"volume":"0.0","time":"2018-09-23T04:00:00.000000Z","open":"1.234","low":"1.234","high":"1.234","close":"1.234","__typename":"Bar"},{"volume":"0.0","time":"2018-09-23T03:00:00.000000Z","open":"1.234","low":"1.234","high":"1.234","close":"1.234","__typename":"Bar"},{"volume":"0.0","time":"2018-09-23T02:00:00.000000Z","open":"1.234","low":"1.234","high":"1.234","close":"1.234","__typename":"Bar"},{"volume":"0.0","time":"2018-09-23T01:00:00.000000Z","open":"1.234","low":"1.234","high":"1.234","close":"1.234","__typename":"Bar"},{"volume":"0.0","time":"2018-09-23T00:00:00.000000Z","open":"1.234","low":"1.234","high":"1.234","close":"1.234","__typename":"Bar"},{"volume":"0.0","time":"2018-09-22T23:00:00.000000Z","open":"1.234","low":"1.234","high":"1.234","close":"1.234","__typename":"Bar"},{"volume":"0.0","time":"2018-09-22T22:00:00.000000Z","open":"1.234","low":"1.234","high":"1.234","close":"1.234","__typename":"Bar"},{"volume":"0.0","time":"2018-09-22T21:00:00.000000Z","open":"1.234","low":"1.234","high":"1.234","close":"1.234","__typename":"Bar"},{"volume":"0.0","time":"2018-09-22T20:00:00.000000Z","open":"1.234","low":"1.234","high":"1.234","close":"1.234","__typename":"Bar"},{"volume":"0.0","time":"2018-09-22T19:00:00.000000Z","open":"1.234","low":"1.234","high":"1.234","close":"1.234","__typename":"Bar"},{"volume":"0.0","time":"2018-09-22T18:00:00.000000Z","open":"1.234","low":"1.234","high":"1.234","close":"1.234","__typename":"Bar"},{"volume":"0.0","time":"2018-09-22T17:00:00.000000Z","open":"1.234","low":"1.234","high":"1.234","close":"1.234","__typename":"Bar"},{"volume":"0.0","time":"2018-09-22T16:00:00.000000Z","open":"1.234","low":"1.234","high":"1.234","close":"1.234","__typename":"Bar"},{"volume":"0.0","time":"2018-09-22T15:00:00.000000Z","open":"1.234","low":"1.234","high":"1.234","close":"1.234","__typename":"Bar"},{"volume":"0.0","time":"2018-09-22T14:00:00.000000Z","open":"1.234","low":"1.234","high":"1.234","close":"1.234","__typename":"Bar"},{"volume":"0.0","time":"2018-09-22T13:00:00.000000Z","open":"1.234","low":"1.234","high":"1.234","close":"1.234","__typename":"Bar"},{"volume":"0.0","time":"2018-09-22T12:00:00.000000Z","open":"1.234","low":"1.234","high":"1.234","close":"1.234","__typename":"Bar"},{"volume":"0.0","time":"2018-09-22T11:00:00.000000Z","open":"1.234","low":"1.234","high":"1.234","close":"1.234","__typename":"Bar"},{"volume":"0.0","time":"2018-09-22T10:00:00.000000Z","open":"1.234","low":"1.234","high":"1.234","close":"1.234","__typename":"Bar"},{"volume":"0.0","time":"2018-09-22T09:00:00.000000Z","open":"1.234","low":"1.234","high":"1.234","close":"1.234","__typename":"Bar"},{"volume":"0.0","time":"2018-09-22T08:00:00.000000Z","open":"1.234","low":"1.234","high":"1.234","close":"1.234","__typename":"Bar"},{"volume":"0.0","time":"2018-09-22T07:00:00.000000Z","open":"1.234","low":"1.234","high":"1.234","close":"1.234","__typename":"Bar"},{"volume":"0.0","time":"2018-09-22T06:00:00.000000Z","open":"1.234","low":"1.234","high":"1.234","close":"1.234","__typename":"Bar"},{"volume":"0.0","time":"2018-09-22T05:00:00.000000Z","open":"1.234","low":"1.234","high":"1.234","close":"1.234","__typename":"Bar"},{"volume":"0.0","time":"2018-09-22T04:00:00.000000Z","open":"1.234","low":"1.234","high":"1.234","close":"1.234","__typename":"Bar"},{"volume":"0.0","time":"2018-09-22T03:00:00.000000Z","open":"1.234","low":"1.234","high":"1.234","close":"1.234","__typename":"Bar"},{"volume":"0.0","time":"2018-09-22T02:00:00.000000Z","open":"1.234","low":"1.234","high":"1.234","close":"1.234","__typename":"Bar"},{"volume":"0.0","time":"2018-09-22T01:00:00.000000Z","open":"1.234","low":"1.234","high":"1.234","close":"1.234","__typename":"Bar"},{"volume":"0.0","time":"2018-09-22T00:00:00.000000Z","open":"1.234","low":"1.234","high":"1.234","close":"1.234","__typename":"Bar"},{"volume":"0.0","time":"2018-09-21T23:00:00.000000Z","open":"1.234","low":"1.234","high":"1.234","close":"1.234","__typename":"Bar"},{"volume":"0.0","time":"2018-09-21T22:00:00.000000Z","open":"1.234","low":"1.234","high":"1.234","close":"1.234","__typename":"Bar"},{"volume":"0.0","time":"2018-09-21T21:00:00.000000Z","open":"1.234","low":"1.234","high":"1.234","close":"1.234","__typename":"Bar"},{"volume":"0.0","time":"2018-09-21T20:00:00.000000Z","open":"1.234","low":"1.234","high":"1.234","close":"1.234","__typename":"Bar"},{"volume":"0.0","time":"2018-09-21T19:00:00.000000Z","open":"1.234","low":"1.234","high":"1.234","close":"1.234","__typename":"Bar"},{"volume":"0.0","time":"2018-09-21T18:00:00.000000Z","open":"1.234","low":"1.234","high":"1.234","close":"1.234","__typename":"Bar"},{"volume":"0.0","time":"2018-09-21T17:00:00.000000Z","open":"1.234","low":"1.234","high":"1.234","close":"1.234","__typename":"Bar"},{"volume":"0.0","time":"2018-09-21T16:00:00.000000Z","open":"1.234","low":"1.234","high":"1.234","close":"1.234","__typename":"Bar"},{"volume":"0.0","time":"2018-09-21T15:00:00.000000Z","open":"1.234","low":"1.234","high":"1.234","close":"1.234","__typename":"Bar"},{"volume":"0.0","time":"2018-09-21T14:00:00.000000Z","open":"1.234","low":"1.234","high":"1.234","close":"1.234","__typename":"Bar"},{"volume":"0.0","time":"2018-09-21T13:00:00.000000Z","open":"1.234","low":"1.234","high":"1.234","close":"1.234","__typename":"Bar"},{"volume":"0.0","time":"2018-09-21T12:00:00.000000Z","open":"1.234","low":"1.234","high":"1.234","close":"1.234","__typename":"Bar"},{"volume":"0.0","time":"2018-09-21T11:00:00.000000Z","open":"1.234","low":"1.234","high":"1.234","close":"1.234","__typename":"Bar"},{"volume":"41.55891","time":"2018-09-21T10:00:00.000000Z","open":"102.0","low":"1.234","high":"102.0","close":"1.234","__typename":"Bar"},{"volume":"0.0","time":"2018-09-21T09:00:00.000000Z","open":"102.0","low":"102.0","high":"102.0","close":"102.0","__typename":"Bar"},{"volume":"10.0","time":"2018-09-21T08:00:00.000000Z","open":"102.0","low":"102.0","high":"102.0","close":"102.0","__typename":"Bar"},{"volume":"5.0","time":"2018-09-21T07:00:00.000000Z","open":"102.0","low":"102.0","high":"102.0","close":"102.0","__typename":"Bar"},{"volume":"0.0","time":"2018-09-21T06:00:00.000000Z","open":"102.0","low":"102.0","high":"102.0","close":"102.0","__typename":"Bar"},{"volume":"0.0","time":"2018-09-21T05:00:00.000000Z","open":"102.0","low":"102.0","high":"102.0","close":"102.0","__typename":"Bar"},{"volume":"0.0","time":"2018-09-21T04:00:00.000000Z","open":"102.0","low":"102.0","high":"102.0","close":"102.0","__typename":"Bar"},{"volume":"0.0","time":"2018-09-21T03:00:00.000000Z","open":"102.0","low":"102.0","high":"102.0","close":"102.0","__typename":"Bar"},{"volume":"8.0","time":"2018-09-21T02:00:00.000000Z","open":"2.123","low":"2.123","high":"102.0","close":"102.0","__typename":"Bar"},{"volume":"0.0","time":"2018-09-21T01:00:00.000000Z","open":"2.123","low":"2.123","high":"2.123","close":"2.123","__typename":"Bar"},{"volume":"0.0","time":"2018-09-21T00:00:00.000000Z","open":"2.123","low":"2.123","high":"2.123","close":"2.123","__typename":"Bar"},{"volume":"0.0","time":"2018-09-20T23:00:00.000000Z","open":"2.123","low":"2.123","high":"2.123","close":"2.123","__typename":"Bar"},{"volume":"0.0","time":"2018-09-20T22:00:00.000000Z","open":"2.123","low":"2.123","high":"2.123","close":"2.123","__typename":"Bar"},{"volume":"0.0","time":"2018-09-20T21:00:00.000000Z","open":"2.123","low":"2.123","high":"2.123","close":"2.123","__typename":"Bar"},{"volume":"0.0","time":"2018-09-20T20:00:00.000000Z","open":"2.123","low":"2.123","high":"2.123","close":"2.123","__typename":"Bar"},{"volume":"0.0","time":"2018-09-20T19:00:00.000000Z","open":"2.123","low":"2.123","high":"2.123","close":"2.123","__typename":"Bar"},{"volume":"0.0","time":"2018-09-20T18:00:00.000000Z","open":"2.123","low":"2.123","high":"2.123","close":"2.123","__typename":"Bar"},{"volume":"0.0","time":"2018-09-20T17:00:00.000000Z","open":"2.123","low":"2.123","high":"2.123","close":"2.123","__typename":"Bar"},{"volume":"0.0","time":"2018-09-20T16:00:00.000000Z","open":"2.123","low":"2.123","high":"2.123","close":"2.123","__typename":"Bar"},{"volume":"0.0","time":"2018-09-20T15:00:00.000000Z","open":"2.123","low":"2.123","high":"2.123","close":"2.123","__typename":"Bar"},{"volume":"0.0","time":"2018-09-20T14:00:00.000000Z","open":"2.123","low":"2.123","high":"2.123","close":"2.123","__typename":"Bar"},{"volume":"0.0","time":"2018-09-20T13:00:00.000000Z","open":"2.123","low":"2.123","high":"2.123","close":"2.123","__typename":"Bar"},{"volume":"0.0","time":"2018-09-20T12:00:00.000000Z","open":"2.123","low":"2.123","high":"2.123","close":"2.123","__typename":"Bar"},{"volume":"0.0","time":"2018-09-20T11:00:00.000000Z","open":"2.123","low":"2.123","high":"2.123","close":"2.123","__typename":"Bar"},{"volume":"0.0","time":"2018-09-20T10:00:00.000000Z","open":"2.123","low":"2.123","high":"2.123","close":"2.123","__typename":"Bar"},{"volume":"0.0","time":"2018-09-20T09:00:00.000000Z","open":"2.123","low":"2.123","high":"2.123","close":"2.123","__typename":"Bar"},{"volume":"0.0","time":"2018-09-20T08:00:00.000000Z","open":"2.123","low":"2.123","high":"2.123","close":"2.123","__typename":"Bar"},{"volume":"0.0","time":"2018-09-20T07:00:00.000000Z","open":"2.123","low":"2.123","high":"2.123","close":"2.123","__typename":"Bar"},{"volume":"0.0","time":"2018-09-20T06:00:00.000000Z","open":"2.123","low":"2.123","high":"2.123","close":"2.123","__typename":"Bar"},{"volume":"0.0","time":"2018-09-20T05:00:00.000000Z","open":"2.123","low":"2.123","high":"2.123","close":"2.123","__typename":"Bar"},{"volume":"0.0","time":"2018-09-20T04:00:00.000000Z","open":"2.123","low":"2.123","high":"2.123","close":"2.123","__typename":"Bar"},{"volume":"0.0","time":"2018-09-20T03:00:00.000000Z","open":"2.123","low":"2.123","high":"2.123","close":"2.123","__typename":"Bar"},{"volume":"0.0","time":"2018-09-20T02:00:00.000000Z","open":"2.123","low":"2.123","high":"2.123","close":"2.123","__typename":"Bar"},{"volume":"0.0","time":"2018-09-20T01:00:00.000000Z","open":"2.123","low":"2.123","high":"2.123","close":"2.123","__typename":"Bar"},{"volume":"0.0","time":"2018-09-20T00:00:00.000000Z","open":"2.123","low":"2.123","high":"2.123","close":"2.123","__typename":"Bar"},{"volume":"0.0","time":"2018-09-19T23:00:00.000000Z","open":"2.123","low":"2.123","high":"2.123","close":"2.123","__typename":"Bar"},{"volume":"0.0","time":"2018-09-19T22:00:00.000000Z","open":"2.123","low":"2.123","high":"2.123","close":"2.123","__typename":"Bar"},{"volume":"0.0","time":"2018-09-19T21:00:00.000000Z","open":"2.123","low":"2.123","high":"2.123","close":"2.123","__typename":"Bar"},{"volume":"0.0","time":"2018-09-19T20:00:00.000000Z","open":"2.123","low":"2.123","high":"2.123","close":"2.123","__typename":"Bar"},{"volume":"0.0","time":"2018-09-19T19:00:00.000000Z","open":"2.123","low":"2.123","high":"2.123","close":"2.123","__typename":"Bar"},{"volume":"0.0","time":"2018-09-19T18:00:00.000000Z","open":"2.123","low":"2.123","high":"2.123","close":"2.123","__typename":"Bar"},{"volume":"0.0","time":"2018-09-19T17:00:00.000000Z","open":"2.123","low":"2.123","high":"2.123","close":"2.123","__typename":"Bar"},{"volume":"0.0","time":"2018-09-19T16:00:00.000000Z","open":"2.123","low":"2.123","high":"2.123","close":"2.123","__typename":"Bar"},{"volume":"0.0","time":"2018-09-19T15:00:00.000000Z","open":"2.123","low":"2.123","high":"2.123","close":"2.123","__typename":"Bar"},{"volume":"0.0","time":"2018-09-19T14:00:00.000000Z","open":"2.123","low":"2.123","high":"2.123","close":"2.123","__typename":"Bar"},{"volume":"0.0","time":"2018-09-19T13:00:00.000000Z","open":"2.123","low":"2.123","high":"2.123","close":"2.123","__typename":"Bar"},{"volume":"0.0","time":"2018-09-19T12:00:00.000000Z","open":"2.123","low":"2.123","high":"2.123","close":"2.123","__typename":"Bar"},{"volume":"0.0","time":"2018-09-19T11:00:00.000000Z","open":"2.123","low":"2.123","high":"2.123","close":"2.123","__typename":"Bar"},{"volume":"0.0","time":"2018-09-19T10:00:00.000000Z","open":"2.123","low":"2.123","high":"2.123","close":"2.123","__typename":"Bar"},{"volume":"0.0","time":"2018-09-19T09:00:00.000000Z","open":"2.123","low":"2.123","high":"2.123","close":"2.123","__typename":"Bar"},{"volume":"0.0","time":"2018-09-19T08:00:00.000000Z","open":"2.123","low":"2.123","high":"2.123","close":"2.123","__typename":"Bar"},{"volume":"0.0","time":"2018-09-19T07:00:00.000000Z","open":"2.123","low":"2.123","high":"2.123","close":"2.123","__typename":"Bar"},{"volume":"0.0","time":"2018-09-19T06:00:00.000000Z","open":"2.123","low":"2.123","high":"2.123","close":"2.123","__typename":"Bar"},{"volume":"5.12345","time":"2018-09-19T05:00:00.000000Z","open":"1.123","low":"1.123","high":"2.123","close":"2.123","__typename":"Bar"},{"volume":"0.0","time":"2018-09-19T04:00:00.000000Z","open":"1.123","low":"1.123","high":"1.123","close":"1.123","__typename":"Bar"},{"volume":"0.0","time":"2018-09-19T03:00:00.000000Z","open":"1.123","low":"1.123","high":"1.123","close":"1.123","__typename":"Bar"},{"volume":"0.0","time":"2018-09-19T02:00:00.000000Z","open":"1.123","low":"1.123","high":"1.123","close":"1.123","__typename":"Bar"},{"volume":"0.0","time":"2018-09-19T01:00:00.000000Z","open":"1.123","low":"1.123","high":"1.123","close":"1.123","__typename":"Bar"},{"volume":"0.0","time":"2018-09-19T00:00:00.000000Z","open":"1.123","low":"1.123","high":"1.123","close":"1.123","__typename":"Bar"},{"volume":"0.0","time":"2018-09-18T23:00:00.000000Z","open":"1.123","low":"1.123","high":"1.123","close":"1.123","__typename":"Bar"},{"volume":"0.0","time":"2018-09-18T22:00:00.000000Z","open":"1.123","low":"1.123","high":"1.123","close":"1.123","__typename":"Bar"},{"volume":"0.0","time":"2018-09-18T21:00:00.000000Z","open":"1.123","low":"1.123","high":"1.123","close":"1.123","__typename":"Bar"},{"volume":"0.0","time":"2018-09-18T20:00:00.000000Z","open":"1.123","low":"1.123","high":"1.123","close":"1.123","__typename":"Bar"},{"volume":"0.0","time":"2018-09-18T19:00:00.000000Z","open":"1.123","low":"1.123","high":"1.123","close":"1.123","__typename":"Bar"},{"volume":"0.0","time":"2018-09-18T18:00:00.000000Z","open":"1.123","low":"1.123","high":"1.123","close":"1.123","__typename":"Bar"},{"volume":"0.0","time":"2018-09-18T17:00:00.000000Z","open":"1.123","low":"1.123","high":"1.123","close":"1.123","__typename":"Bar"},{"volume":"0.0","time":"2018-09-18T16:00:00.000000Z","open":"1.123","low":"1.123","high":"1.123","close":"1.123","__typename":"Bar"},{"volume":"0.0","time":"2018-09-18T15:00:00.000000Z","open":"1.123","low":"1.123","high":"1.123","close":"1.123","__typename":"Bar"},{"volume":"0.0","time":"2018-09-18T14:00:00.000000Z","open":"1.123","low":"1.123","high":"1.123","close":"1.123","__typename":"Bar"},{"volume":"0.0","time":"2018-09-18T13:00:00.000000Z","open":"1.123","low":"1.123","high":"1.123","close":"1.123","__typename":"Bar"},{"volume":"0.0","time":"2018-09-18T12:00:00.000000Z","open":"1.123","low":"1.123","high":"1.123","close":"1.123","__typename":"Bar"},{"volume":"0.0","time":"2018-0
[...]
                "time": "2018-08-29T03:00:00.000000Z",
                "open": "1.0",
                "low": "1.0",
                "high": "1.0",
                "close": "1.0",
                "__typename": "Bar"
            },
            {
                "volume": "0.0",
                "time": "2018-08-29T02:00:00.000000Z",
                "open": "1.0",
                "low": "1.0",
                "high": "1.0",
                "close": "1.0",
                "__typename": "Bar"
            },
            {
                "volume": "0.0",
                "time": "2018-08-29T01:00:00.000000Z",
                "open": "1.0",
                "low": "1.0",
                "high": "1.0",
                "close": "1.0",
                "__typename": "Bar"
            },
            {
                "volume": "0.0",
                "time": "2018-08-29T00:00:00.000000Z",
                "open": "1.0",
                "low": "1.0",
                "high": "1.0",
                "close": "1.0",
                "__typename": "Bar"
            },
            {
                "volume": "0.0",
                "time": "2018-08-28T23:00:00.000000Z",
                "open": "1.0",
                "low": "1.0",
                "high": "1.0",
                "close": "1.0",
                "__typename": "Bar"
            },
            {
                "volume": "0.0",
                "time": "2018-08-28T22:00:00.000000Z",
                "open": "1.0",
                "low": "1.0",
                "high": "1.0",
                "close": "1.0",
                "__typename": "Bar"
            },
            {
                "volume": "0.0",
                "time": "2018-08-28T21:00:00.000000Z",
                "open": "1.0",
                "low": "1.0",
                "high": "1.0",
                "close": "1.0",
                "__typename": "Bar"
            },
            {
                "volume": "0.0",
                "time": "2018-08-28T20:00:00.000000Z",
                "open": "1.0",
                "low": "1.0",
                "high": "1.0",
                "close": "1.0",
                "__typename": "Bar"
            },
            {
                "volume": "0.0",
                "time": "2018-08-28T19:00:00.000000Z",
                "open": "1.0",
                "low": "1.0",
                "high": "1.0",
                "close": "1.0",
                "__typename": "Bar"
            },
            {
                "volume": "0.0",
                "time": "2018-08-28T18:00:00.000000Z",
                "open": "1.0",
                "low": "1.0",
                "high": "1.0",
                "close": "1.0",
                "__typename": "Bar"
            },
            {
                "volume": "0.0",
                "time": "2018-08-28T17:00:00.000000Z",
                "open": "1.0",
                "low": "1.0",
                "high": "1.0",
                "close": "1.0",
                "__typename": "Bar"
            },
            {
                "volume": "0.0",
                "time": "2018-08-28T16:00:00.000000Z",
                "open": "1.0",
                "low": "1.0",
                "high": "1.0",
                "close": "1.0",
                "__typename": "Bar"
            },
            {
                "volume": "0.0",
                "time": "2018-08-28T15:00:00.000000Z",
                "open": "1.0",
                "low": "1.0",
                "high": "1.0",
                "close": "1.0",
                "__typename": "Bar"
            },
            {
                "volume": "0.0",
                "time": "2018-08-28T14:00:00.000000Z",
                "open": "1.0",
                "low": "1.0",
                "high": "1.0",
                "close": "1.0",
                "__typename": "Bar"
            },
            {
                "volume": "0.0",
                "time": "2018-08-28T13:00:00.000000Z",
                "open": "1.0",
                "low": "1.0",
                "high": "1.0",
                "close": "1.0",
                "__typename": "Bar"
            },
            {
                "volume": "0.0",
                "time": "2018-08-28T12:00:00.000000Z",
                "open": "1.0",
                "low": "1.0",
                "high": "1.0",
                "close": "1.0",
                "__typename": "Bar"
            },
            {
                "volume": "0.0",
                "time": "2018-08-28T11:00:00.000000Z",
                "open": "1.0",
                "low": "1.0",
                "high": "1.0",
                "close": "1.0",
                "__typename": "Bar"
            },
            {
                "volume": "0.0",
                "time": "2018-08-28T10:00:00.000000Z",
                "open": "1.0",
                "low": "1.0",
                "high": "1.0",
                "close": "1.0",
                "__typename": "Bar"
            },
            {
                "volume": "0.0",
                "time": "2018-08-28T09:00:00.000000Z",
                "open": "1.0",
                "low": "1.0",
                "high": "1.0",
                "close": "1.0",
                "__typename": "Bar"
            },
            {
                "volume": "0.0",
                "time": "2018-08-28T08:00:00.000000Z",
                "open": "1.0",
                "low": "1.0",
                "high": "1.0",
                "close": "1.0",
                "__typename": "Bar"
            },
            {
                "volume": "0.0",
                "time": "2018-08-28T07:00:00.000000Z",
                "open": "1.0",
                "low": "1.0",
                "high": "1.0",
                "close": "1.0",
                "__typename": "Bar"
            },
            {
                "volume": "0.0",
                "time": "2018-08-28T06:00:00.000000Z",
                "open": "1.0",
                "low": "1.0",
                "high": "1.0",
                "close": "1.0",
                "__typename": "Bar"
            },
            {
                "volume": "0.0",
                "time": "2018-08-28T05:00:00.000000Z",
                "open": "1.0",
                "low": "1.0",
                "high": "1.0",
                "close": "1.0",
                "__typename": "Bar"
            },
            {
                "volume": "0.0",
                "time": "2018-08-28T04:00:00.000000Z",
                "open": "1.0",
                "low": "1.0",
                "high": "1.0",
                "close": "1.0",
                "__typename": "Bar"
            }
        ]
    }
}</msg>
<msg timestamp="20181008 19:06:37.964" level="INFO">${rs} = True</msg>
<msg timestamp="20181008 19:06:37.968" level="INFO">${msg} = {'data': {'bars': [{'volume': '0.0', 'time': '2018-10-08T19:00:00.000000Z', 'open': '2292.0', 'low': '2292.0', 'high': '2292.0', 'close': '2292.0', '__typename': 'Bar'}, {'volume': '0.0', 'time': '201...</msg>
<status status="PASS" starttime="20181008 19:06:36.917" endtime="20181008 19:06:37.969"></status>
</kw>
<status status="PASS" starttime="20181008 19:06:36.089" endtime="20181008 19:06:37.971" critical="yes"></status>
</test>
<status status="PASS" starttime="20181008 19:06:34.739" endtime="20181008 19:06:37.977"></status>
</suite>
<status status="PASS" starttime="20181008 19:06:34.734" endtime="20181008 19:06:37.994"></status>
</suite>
<status status="PASS" starttime="20181008 19:06:34.729" endtime="20181008 19:06:38.012"></status>
</suite>
<suite id="s1-s3" name="IOS-APP" source="/Users/yaopengfei/workspace/slience/taskManager/utils/code_tmp/PxnAutoTest/Scripts/IOS-APP">
<suite id="s1-s3-s1" name="Common" source="/Users/yaopengfei/workspace/slience/taskManager/utils/code_tmp/PxnAutoTest/Scripts/IOS-APP/Common">
<suite id="s1-s3-s1-s1" name="登录和二步验证" source="/Users/yaopengfei/workspace/slience/taskManager/utils/code_tmp/PxnAutoTest/Scripts/IOS-APP/Common/登录和二步验证.robot">
<kw name="打开APP" library="iosConfig" type="setup">
<kw name="Open Application" library="AppiumLibrary">
<doc>Opens a new application to given Appium server.</doc>
<arguments>
<arg>${iosserver}:4723/wd/hub</arg>
<arg>deviceName=${deviceName}</arg>
<arg>platformName=${platformName}</arg>
<arg>platformVersion=${platformVersion}</arg>
<arg>bundleId=${bundleId}</arg>
<arg>udid=${udid}</arg>
</arguments>
<msg timestamp="20181008 19:06:38.056" level="INFO">Could not connect to port 4723 on host 0.0.0.0</msg>
<msg timestamp="20181008 19:06:38.057" level="INFO">Could not get IP address for host: 0.0.0.0</msg>
<msg timestamp="20181008 19:06:38.059" level="WARN">Retrying (Retry(total=2, connect=None, read=None, redirect=None, status=None)) after connection broken by 'NewConnectionError('&lt;urllib3.connection.HTTPConnection object at 0x1081e46d8&gt;: Failed to establish a new connection: [Errno 61] Connection refused',)': /wd/hub/session</msg>
<msg timestamp="20181008 19:06:38.060" level="WARN">Retrying (Retry(total=1, connect=None, read=None, redirect=None, status=None)) after connection broken by 'NewConnectionError('&lt;urllib3.connection.HTTPConnection object at 0x1081e47f0&gt;: Failed to establish a new connection: [Errno 61] Connection refused',)': /wd/hub/session</msg>
<msg timestamp="20181008 19:06:38.061" level="WARN">Retrying (Retry(total=0, connect=None, read=None, redirect=None, status=None)) after connection broken by 'NewConnectionError('&lt;urllib3.connection.HTTPConnection object at 0x1081e4898&gt;: Failed to establish a new connection: [Errno 61] Connection refused',)': /wd/hub/session</msg>
<msg timestamp="20181008 19:06:38.064" level="FAIL">MaxRetryError: HTTPConnectionPool(host='0.0.0.0', port=4723): Max retries exceeded with url: /wd/hub/session (Caused by NewConnectionError('&lt;urllib3.connection.HTTPConnection object at 0x1081e4b00&gt;: Failed to establish a new connection: [Errno 61] Connection refused',))</msg>
<status status="FAIL" starttime="20181008 19:06:38.055" endtime="20181008 19:06:38.064"></status>
</kw>
<status status="FAIL" starttime="20181008 19:06:38.054" endtime="20181008 19:06:38.065"></status>
</kw>
<test id="s1-s3-s1-s1-t1" name="点击登录按钮">
<doc>判断首页是否存在登录按钮</doc>
<status status="FAIL" starttime="20181008 19:06:38.066" endtime="20181008 19:06:38.068" critical="yes">Parent suite setup failed:
MaxRetryError: HTTPConnectionPool(host='0.0.0.0', port=4723): Max retries exceeded with url: /wd/hub/session (Caused by NewConnectionError('&lt;urllib3.connection.HTTPConnection object at 0x1081e4b00&gt;: Failed to establish a new connection: [Errno 61] Connection refused',))</status>
</test>
<test id="s1-s3-s1-s1-t2" name="输入用户名和密码">
<status status="FAIL" starttime="20181008 19:06:38.070" endtime="20181008 19:06:38.072" critical="yes">Parent suite setup failed:
MaxRetryError: HTTPConnectionPool(host='0.0.0.0', port=4723): Max retries exceeded with url: /wd/hub/session (Caused by NewConnectionError('&lt;urllib3.connection.HTTPConnection object at 0x1081e4b00&gt;: Failed to establish a new connection: [Errno 61] Connection refused',))</status>
</test>
<kw name="关闭APP" library="iosConfig" type="teardown">
<kw name="Close Application" library="AppiumLibrary">
<doc>Closes the current application and also close webdriver session.</doc>
<msg timestamp="20181008 19:06:38.076" level="FAIL">No application is open</msg>
<status status="FAIL" starttime="20181008 19:06:38.076" endtime="20181008 19:06:38.077"></status>
</kw>
<status status="FAIL" starttime="20181008 19:06:38.075" endtime="20181008 19:06:38.077">No application is open</status>
</kw>
<status status="FAIL" starttime="20181008 19:06:38.037" endtime="20181008 19:06:38.078">Suite setup failed:
MaxRetryError: HTTPConnectionPool(host='0.0.0.0', port=4723): Max retries exceeded with url: /wd/hub/session (Caused by NewConnectionError('&lt;urllib3.connection.HTTPConnection object at 0x1081e4b00&gt;: Failed to establish a new connection: [Errno 61] Connection refused',))

Also suite teardown failed:
No application is open</status>
</suite>
<status status="FAIL" starttime="20181008 19:06:38.032" endtime="20181008 19:06:38.082"></status>
</suite>
<status status="FAIL" starttime="20181008 19:06:38.027" endtime="20181008 19:06:38.085"></status>
</suite>
<suite id="s1-s4" name="WEB" source="/Users/yaopengfei/workspace/slience/taskManager/utils/code_tmp/PxnAutoTest/Scripts/WEB">
<suite id="s1-s4-s1" name="Common" source="/Users/yaopengfei/workspace/slience/taskManager/utils/code_tmp/PxnAutoTest/Scripts/WEB/Common">
<suite id="s1-s4-s1-s1" name="UserInfoManage" source="/Users/yaopengfei/workspace/slience/taskManager/utils/code_tmp/PxnAutoTest/Scripts/WEB/Common/UserInfoManage.robot">
<test id="s1-s4-s1-s1-t1" name="修改用户名">
<kw name="打开浏览器" library="global" type="setup">
<kw name="Create Webdriver" library="Selenium2Library">
<doc>Creates an instance of Selenium WebDriver.</doc>
<arguments>
<arg>Chrome</arg>
<arg>executable_path=/Users/yaopengfei/workspace/slience/taskManager/utils/code_tmp/PxnAutoTest/Config/../Resource/browserdriver/chromedriver.exe</arg>
</arguments>
<msg timestamp="20181008 19:06:38.141" level="INFO">Creating an instance of the Chrome WebDriver.</msg>
<kw name="Capture Page Screenshot" library="Selenium2Library">
<doc>Takes screenshot of the current page and embeds it into log file.</doc>
<msg timestamp="20181008 19:06:38.150" level="INFO">Cannot capture screenshot because no browser is open.</msg>
<status status="PASS" starttime="20181008 19:06:38.148" endtime="20181008 19:06:38.150"></status>
</kw>
<msg timestamp="20181008 19:06:38.151" level="FAIL">WebDriverException: Message: 'chromedriver.exe' executable may have wrong permissions. Please see https://sites.google.com/a/chromium.org/chromedriver/home
</msg>
<status status="FAIL" starttime="20181008 19:06:38.140" endtime="20181008 19:06:38.151"></status>
</kw>
<status status="FAIL" starttime="20181008 19:06:38.140" endtime="20181008 19:06:38.152"></status>
</kw>
<kw name="Close Browser" library="Selenium2Library" type="teardown">
<doc>Closes the current browser.</doc>
<status status="PASS" starttime="20181008 19:06:38.153" endtime="20181008 19:06:38.154"></status>
</kw>
<status status="FAIL" starttime="20181008 19:06:38.138" endtime="20181008 19:06:38.154" critical="yes">Setup failed:
WebDriverException: Message: 'chromedriver.exe' executable may have wrong permissions. Please see https://sites.google.com/a/chromium.org/chromedriver/home
</status>
</test>
<test id="s1-s4-s1-s1-t2" name="修改密码">
<kw name="打开浏览器" library="global" type="setup">
<kw name="Create Webdriver" library="Selenium2Library">
<doc>Creates an instance of Selenium WebDriver.</doc>
<arguments>
<arg>Chrome</arg>
<arg>executable_path=/Users/yaopengfei/workspace/slience/taskManager/utils/code_tmp/PxnAutoTest/Config/../Resource/browserdriver/chromedriver.exe</arg>
</arguments>
<msg timestamp="20181008 19:06:38.159" level="INFO">Creating an instance of the Chrome WebDriver.</msg>
<kw name="Capture Page Screenshot" library="Selenium2Library">
<doc>Takes screenshot of the current page and embeds it into log file.</doc>
<msg timestamp="20181008 19:06:38.166" level="INFO">Cannot capture screenshot because no browser is open.</msg>
<status status="PASS" starttime="20181008 19:06:38.165" endtime="20181008 19:06:38.166"></status>
</kw>
<msg timestamp="20181008 19:06:38.167" level="FAIL">WebDriverException: Message: 'chromedriver.exe' executable may have wrong permissions. Please see https://sites.google.com/a/chromium.org/chromedriver/home
</msg>
<status status="FAIL" starttime="20181008 19:06:38.158" endtime="20181008 19:06:38.167"></status>
</kw>
<status status="FAIL" starttime="20181008 19:06:38.158" endtime="20181008 19:06:38.168"></status>
</kw>
<kw name="Close Browser" library="Selenium2Library" type="teardown">
<doc>Closes the current browser.</doc>
<status status="PASS" starttime="20181008 19:06:38.169" endtime="20181008 19:06:38.169"></status>
</kw>
<status status="FAIL" starttime="20181008 19:06:38.156" endtime="20181008 19:06:38.170" critical="yes">Setup failed:
WebDriverException: Message: 'chromedriver.exe' executable may have wrong permissions. Please see https://sites.google.com/a/chromium.org/chromedriver/home
</status>
</test>
<status status="FAIL" starttime="20181008 19:06:38.096" endtime="20181008 19:06:38.172"></status>
</suite>
<status status="FAIL" starttime="20181008 19:06:38.091" endtime="20181008 19:06:38.175"></status>
</suite>
<status status="FAIL" starttime="20181008 19:06:38.087" endtime="20181008 19:06:38.176"></status>
</suite>
<status status="FAIL" starttime="20181008 19:06:34.484" endtime="20181008 19:06:38.180"></status>
</suite>
<statistics>
<total>
<stat pass="2" fail="10">Critical Tests</stat>
<stat pass="2" fail="10">All Tests</stat>
</total>
<tag>
</tag>
<suite>
<stat pass="2" fail="10" id="s1" name="Scripts">Scripts</stat>
<stat pass="0" fail="6" id="s1-s1" name="Android-APP">Scripts.Android-APP</stat>
<stat pass="0" fail="6" id="s1-s1-s1" name="Common">Scripts.Android-APP.Common</stat>
<stat pass="0" fail="6" id="s1-s1-s1-s1" name="登录和二步验证">Scripts.Android-APP.Common.登录和二步验证</stat>
<stat pass="2" fail="0" id="s1-s2" name="Graphql-API">Scripts.Graphql-API</stat>
<stat pass="2" fail="0" id="s1-s2-s1" name="Common">Scripts.Graphql-API.Common</stat>
<stat pass="2" fail="0" id="s1-s2-s1-s1" name="MatcherV3">Scripts.Graphql-API.Common.MatcherV3</stat>
<stat pass="0" fail="2" id="s1-s3" name="IOS-APP">Scripts.IOS-APP</stat>
<stat pass="0" fail="2" id="s1-s3-s1" name="Common">Scripts.IOS-APP.Common</stat>
<stat pass="0" fail="2" id="s1-s3-s1-s1" name="登录和二步验证">Scripts.IOS-APP.Common.登录和二步验证</stat>
<stat pass="0" fail="2" id="s1-s4" name="WEB">Scripts.WEB</stat>
<stat pass="0" fail="2" id="s1-s4-s1" name="Common">Scripts.WEB.Common</stat>
<stat pass="0" fail="2" id="s1-s4-s1-s1" name="UserInfoManage">Scripts.WEB.Common.UserInfoManage</stat>
</suite>
</statistics>
<errors>
<msg timestamp="20181008 19:06:34.683" level="WARN">Retrying (Retry(total=2, connect=None, read=None, redirect=None, status=None)) after connection broken by 'NewConnectionError('&lt;urllib3.connection.HTTPConnection object at 0x107ee1dd8&gt;: Failed to establish a new connection: [Errno 61] Connection refused',)': /wd/hub/session</msg>
<msg timestamp="20181008 19:06:34.684" level="WARN">Retrying (Retry(total=1, connect=None, read=None, redirect=None, status=None)) after connection broken by 'NewConnectionError('&lt;urllib3.connection.HTTPConnection object at 0x107ee1b00&gt;: Failed to establish a new connection: [Errno 61] Connection refused',)': /wd/hub/session</msg>
<msg timestamp="20181008 19:06:34.686" level="WARN">Retrying (Retry(total=0, connect=None, read=None, redirect=None, status=None)) after connection broken by 'NewConnectionError('&lt;urllib3.connection.HTTPConnection object at 0x107ee1e48&gt;: Failed to establish a new connection: [Errno 61] Connection refused',)': /wd/hub/session</msg>
<msg timestamp="20181008 19:06:38.059" level="WARN">Retrying (Retry(total=2, connect=None, read=None, redirect=None, status=None)) after connection broken by 'NewConnectionError('&lt;urllib3.connection.HTTPConnection object at 0x1081e46d8&gt;: Failed to establish a new connection: [Errno 61] Connection refused',)': /wd/hub/session</msg>
<msg timestamp="20181008 19:06:38.060" level="WARN">Retrying (Retry(total=1, connect=None, read=None, redirect=None, status=None)) after connection broken by 'NewConnectionError('&lt;urllib3.connection.HTTPConnection object at 0x1081e47f0&gt;: Failed to establish a new connection: [Errno 61] Connection refused',)': /wd/hub/session</msg>
<msg timestamp="20181008 19:06:38.061" level="WARN">Retrying (Retry(total=0, connect=None, read=None, redirect=None, status=None)) after connection broken by 'NewConnectionError('&lt;urllib3.connection.HTTPConnection object at 0x1081e4898&gt;: Failed to establish a new connection: [Errno 61] Connection refused',)': /wd/hub/session</msg>
</errors>
</robot>
